08:15:16.931 [main] INFO  com.rzspider.RZSpiderApplication - Starting RZSpiderApplication on GC2129CHENWANAN with PID 92 (E:\javaProject\target\classes started by A in E:\javaProject)
08:15:16.936 [main] DEBUG com.rzspider.RZSpiderApplication - Running with Spring Boot v1.5.10.RELEASE, Spring v4.3.14.RELEASE
08:15:16.936 [main] INFO  com.rzspider.RZSpiderApplication - The following profiles are active: druid
08:15:17.260 [background-preinit] INFO  org.hibernate.validator.internal.util.Version - HV000001: Hibernate Validator 5.3.6.Final
08:15:18.903 [main] INFO  org.apache.shiro.cache.ehcache.EhCacheManager - Cache with name 'com.rzspider.framework.shiro.realm.UserRealm.authorizationCache' does not yet exist.  Creating now.
08:15:18.904 [main] INFO  org.apache.shiro.cache.ehcache.EhCacheManager - Added EhCache named [com.rzspider.framework.shiro.realm.UserRealm.authorizationCache]
08:15:19.325 [main] INFO  com.alibaba.druid.pool.DruidDataSource - {dataSource-1} inited
08:15:20.287 [main] INFO  org.apache.shiro.cache.ehcache.EhCacheManager - Using existing EHCache named [loginRecordCache]
08:15:22.110 [main] INFO  org.apache.catalina.core.StandardService - Starting service [Tomcat]
08:15:22.111 [main] INFO  org.apache.catalina.core.StandardEngine - Starting Servlet Engine: Apache Tomcat/8.5.27
08:15:22.247 [localhost-startStop-1] INFO  org.apache.catalina.core.ContainerBase.[Tomcat].[localhost].[/] - Initializing Spring embedded WebApplicationContext
08:15:24.985 [main] INFO  org.quartz.impl.StdSchedulerFactory - Using default implementation for ThreadExecutor
08:15:24.997 [main] INFO  org.quartz.core.SchedulerSignalerImpl - Initialized Scheduler Signaller of type: class org.quartz.core.SchedulerSignalerImpl
08:15:24.998 [main] INFO  org.quartz.core.QuartzScheduler - Quartz Scheduler v.2.3.0 created.
08:15:25.007 [main] INFO  org.quartz.core.QuartzScheduler - Scheduler meta-data: Quartz Scheduler (v2.3.0) 'RZSpiderScheduler' with instanceId 'GC2129CHENWANAN1632269724987'
  Scheduler class: 'org.quartz.core.QuartzScheduler' - running locally.
  NOT STARTED.
  Currently in standby mode.
  Number of jobs executed: 0
  Using thread pool 'org.quartz.simpl.SimpleThreadPool' - with 20 threads.
  Using job-store 'org.springframework.scheduling.quartz.LocalDataSourceJobStore' - which supports persistence. and is clustered.

08:15:25.007 [main] INFO  org.quartz.impl.StdSchedulerFactory - Quartz scheduler 'RZSpiderScheduler' initialized from an externally provided properties instance.
08:15:25.008 [main] INFO  org.quartz.impl.StdSchedulerFactory - Quartz scheduler version: 2.3.0
08:15:25.009 [main] INFO  org.quartz.core.QuartzScheduler - JobFactory set to: org.springframework.scheduling.quartz.AdaptableJobFactory@559c4e06
08:15:25.123 [main] DEBUG c.r.project.spider.spidertask.mapper.SpidertaskMapper.selectSpidertaskList - ==>  Preparing: select task_id, task_name, spider_id, spider_back_id, spider_name,spider_type, create_Type, status, task_status,job_status, task_execfrequency, spider_default_params_all,task_params,cron_expression,times,task_execfrequency2,first_start_time, user_id, create_by, create_time, update_by, update_time, remark from spider_spidertask 
08:15:25.194 [main] DEBUG c.r.project.spider.spidertask.mapper.SpidertaskMapper.selectSpidertaskList - ==> Parameters: 
08:15:25.222 [main] DEBUG c.r.project.spider.spidertask.mapper.SpidertaskMapper.selectSpidertaskList - <==      Total: 1
08:15:25.301 [main] ERROR com.rzspider.project.spider.spidertask.utils.SpiderScheduleUtils - Based on configured schedule, the given trigger 'DEFAULT.TASK_SPIDER_1' will never fire.
08:15:26.025 [main] DEBUG com.rzspider.project.monitor.job.mapper.JobMapper.selectJobAll - ==>  Preparing: SELECT job_id, job_name, job_group, method_name, params, cron_expression, status, create_by, create_time FROM sys_job 
08:15:26.026 [main] DEBUG com.rzspider.project.monitor.job.mapper.JobMapper.selectJobAll - ==> Parameters: 
08:15:26.032 [main] DEBUG com.rzspider.project.monitor.job.mapper.JobMapper.selectJobAll - <==      Total: 0
08:15:28.811 [main] WARN  org.thymeleaf.templatemode.TemplateMode - [THYMELEAF][main] Template Mode 'LEGACYHTML5' is deprecated. Using Template Mode 'HTML' instead.
08:15:30.074 [main] INFO  org.apache.coyote.http11.Http11NioProtocol - Initializing ProtocolHandler ["http-nio-8081"]
08:15:30.084 [main] INFO  org.apache.coyote.http11.Http11NioProtocol - Starting ProtocolHandler ["http-nio-8081"]
08:15:30.094 [main] INFO  org.apache.tomcat.util.net.NioSelectorPool - Using a shared selector for servlet write/read
08:15:30.114 [main] INFO  com.rzspider.RZSpiderApplication - Started RZSpiderApplication in 13.646 seconds (JVM running for 16.8)
08:15:31.105 [Quartz Scheduler [RZSpiderScheduler]] INFO  org.quartz.core.QuartzScheduler - Scheduler RZSpiderScheduler_$_GC2129CHENWANAN1632269724987 started.
08:17:06.083 [http-nio-8081-exec-1] INFO  org.apache.catalina.core.ContainerBase.[Tomcat].[localhost].[/] - Initializing Spring FrameworkServlet 'dispatcherServlet'
08:17:06.129 [http-nio-8081-exec-1] INFO  org.apache.shiro.session.mgt.AbstractValidatingSessionManager - Enabling session validation scheduler...
08:17:06.130 [http-nio-8081-exec-1] DEBUG com.rzspider.framework.shiro.web.session.SpringSessionValidationScheduler - Scheduling session validation job using Spring Scheduler with session validation interval of [600000]ms...
08:17:06.130 [http-nio-8081-exec-1] DEBUG com.rzspider.framework.shiro.web.session.SpringSessionValidationScheduler - Session validation job successfully scheduled with Spring Scheduler.
08:17:06.155 [http-nio-8081-exec-1] INFO  org.apache.shiro.cache.ehcache.EhCacheManager - Using existing EHCache named [shiro-activeSessionCache]
08:17:06.186 [http-nio-8081-exec-1] DEBUG com.rzspider.project.tool.baseset.mapper.BasesetMapper.selectBasesetByUseStatus - ==>  Preparing: select * from tool_baseset where use_status = ? 
08:17:06.187 [http-nio-8081-exec-1] DEBUG com.rzspider.project.tool.baseset.mapper.BasesetMapper.selectBasesetByUseStatus - ==> Parameters: 0(Integer)
08:17:06.193 [http-nio-8081-exec-1] DEBUG com.rzspider.project.tool.baseset.mapper.BasesetMapper.selectBasesetByUseStatus - <==      Total: 1
08:17:06.194 [http-nio-8081-exec-1] DEBUG com.rzspider.project.tool.baseset.mapper.BasesetMapper.selectBasesetByUseStatus - ==>  Preparing: select * from tool_baseset where use_status = ? 
08:17:06.195 [http-nio-8081-exec-1] DEBUG com.rzspider.project.tool.baseset.mapper.BasesetMapper.selectBasesetByUseStatus - ==> Parameters: 0(Integer)
08:17:06.197 [http-nio-8081-exec-1] DEBUG com.rzspider.project.tool.baseset.mapper.BasesetMapper.selectBasesetByUseStatus - <==      Total: 1
08:17:06.200 [http-nio-8081-exec-1] DEBUG com.rzspider.project.system.website.mapper.WebsiteMapper.selectWebsiteList - ==>  Preparing: select website_id, website_title_name,website_ico, website_des, website_domain_name, website_public_ip, website_public_port, website_copyright_information, website_mail_smtp_url, website_mail_smtp_port, website_mail_sender_mailbox, website_mail_sender_nickname, website_mail_sender_password, create_by, create_time, update_by, update_time, remark from sys_website 
08:17:06.201 [http-nio-8081-exec-1] DEBUG com.rzspider.project.system.website.mapper.WebsiteMapper.selectWebsiteList - ==> Parameters: 
08:17:06.205 [http-nio-8081-exec-1] DEBUG com.rzspider.project.system.website.mapper.WebsiteMapper.selectWebsiteList - <==      Total: 1
08:17:07.131 [pool-1-thread-1] INFO  com.rzspider.framework.shiro.web.session.OnlineWebSessionManager - invalidation sessions...
08:17:07.140 [pool-1-thread-1] DEBUG c.rzspider.project.monitor.online.mapper.UserOnlineMapper.selectOnlineByExpired - ==>  Preparing: SELECT * FROM sys_user_online o WHERE o.last_access_time <= ? ORDER BY o.last_access_time ASC 
08:17:07.146 [pool-1-thread-1] DEBUG c.rzspider.project.monitor.online.mapper.UserOnlineMapper.selectOnlineByExpired - ==> Parameters: 2021-09-22 07:47:07(String)
08:17:07.151 [pool-1-thread-1] DEBUG c.rzspider.project.monitor.online.mapper.UserOnlineMapper.selectOnlineByExpired - <==      Total: 1
08:17:07.152 [pool-1-thread-1] DEBUG com.rzspider.project.monitor.online.mapper.UserOnlineMapper.selectOnlineById - ==>  Preparing: select * from sys_user_online where sessionid = ? 
08:17:07.153 [pool-1-thread-1] DEBUG com.rzspider.project.monitor.online.mapper.UserOnlineMapper.selectOnlineById - ==> Parameters: af836daf-06f1-4a10-a0ed-4602e4aac290(String)
08:17:07.155 [pool-1-thread-1] DEBUG com.rzspider.project.monitor.online.mapper.UserOnlineMapper.selectOnlineById - <==      Total: 1
08:17:07.156 [pool-1-thread-1] DEBUG com.rzspider.framework.shiro.web.session.OnlineWebSessionManager - Invalidated session with id [af836daf-06f1-4a10-a0ed-4602e4aac290] (stopped)
08:17:07.156 [pool-1-thread-1] DEBUG com.rzspider.project.monitor.online.mapper.UserOnlineMapper.selectOnlineById - ==>  Preparing: select * from sys_user_online where sessionid = ? 
08:17:07.157 [pool-1-thread-1] DEBUG com.rzspider.project.monitor.online.mapper.UserOnlineMapper.selectOnlineById - ==> Parameters: af836daf-06f1-4a10-a0ed-4602e4aac290(String)
08:17:07.161 [pool-1-thread-1] DEBUG com.rzspider.project.monitor.online.mapper.UserOnlineMapper.selectOnlineById - <==      Total: 1
08:17:07.163 [pool-1-thread-1] DEBUG com.rzspider.project.monitor.online.mapper.UserOnlineMapper.deleteOnlineById - ==>  Preparing: delete from sys_user_online where sessionId = ? 
08:17:07.164 [pool-1-thread-1] DEBUG com.rzspider.project.monitor.online.mapper.UserOnlineMapper.deleteOnlineById - ==> Parameters: af836daf-06f1-4a10-a0ed-4602e4aac290(String)
08:17:07.169 [pool-1-thread-1] DEBUG com.rzspider.project.monitor.online.mapper.UserOnlineMapper.deleteOnlineById - <==    Updates: 1
08:17:07.169 [pool-1-thread-1] INFO  com.rzspider.framework.shiro.web.session.OnlineWebSessionManager - Finished invalidation session. [1] sessions were stopped.
08:17:10.833 [http-nio-8081-exec-10] WARN  org.springframework.web.servlet.PageNotFound - Request method 'POST' not supported
08:17:18.752 [http-nio-8081-exec-3] WARN  org.springframework.web.servlet.PageNotFound - Request method 'POST' not supported
08:17:19.501 [http-nio-8081-exec-6] WARN  org.springframework.web.servlet.PageNotFound - Request method 'POST' not supported
08:17:20.091 [http-nio-8081-exec-4] WARN  org.springframework.web.servlet.PageNotFound - Request method 'POST' not supported
08:17:20.550 [http-nio-8081-exec-7] WARN  org.springframework.web.servlet.PageNotFound - Request method 'POST' not supported
08:17:21.216 [http-nio-8081-exec-8] WARN  org.springframework.web.servlet.PageNotFound - Request method 'POST' not supported
08:17:21.987 [http-nio-8081-exec-5] WARN  org.springframework.web.servlet.PageNotFound - Request method 'POST' not supported
08:17:25.022 [http-nio-8081-exec-1] DEBUG com.rzspider.project.tool.baseset.mapper.BasesetMapper.selectBasesetByUseStatus - ==>  Preparing: select * from tool_baseset where use_status = ? 
08:17:25.023 [http-nio-8081-exec-1] DEBUG com.rzspider.project.tool.baseset.mapper.BasesetMapper.selectBasesetByUseStatus - ==> Parameters: 0(Integer)
08:17:25.032 [http-nio-8081-exec-1] DEBUG com.rzspider.project.tool.baseset.mapper.BasesetMapper.selectBasesetByUseStatus - <==      Total: 1
08:17:25.034 [http-nio-8081-exec-1] DEBUG com.rzspider.project.tool.baseset.mapper.BasesetMapper.selectBasesetByUseStatus - ==>  Preparing: select * from tool_baseset where use_status = ? 
08:17:25.034 [http-nio-8081-exec-1] DEBUG com.rzspider.project.tool.baseset.mapper.BasesetMapper.selectBasesetByUseStatus - ==> Parameters: 0(Integer)
08:17:25.037 [http-nio-8081-exec-1] DEBUG com.rzspider.project.tool.baseset.mapper.BasesetMapper.selectBasesetByUseStatus - <==      Total: 1
08:17:25.038 [http-nio-8081-exec-1] DEBUG com.rzspider.project.system.website.mapper.WebsiteMapper.selectWebsiteList - ==>  Preparing: select website_id, website_title_name,website_ico, website_des, website_domain_name, website_public_ip, website_public_port, website_copyright_information, website_mail_smtp_url, website_mail_smtp_port, website_mail_sender_mailbox, website_mail_sender_nickname, website_mail_sender_password, create_by, create_time, update_by, update_time, remark from sys_website 
08:17:25.038 [http-nio-8081-exec-1] DEBUG com.rzspider.project.system.website.mapper.WebsiteMapper.selectWebsiteList - ==> Parameters: 
08:17:25.040 [http-nio-8081-exec-1] DEBUG com.rzspider.project.system.website.mapper.WebsiteMapper.selectWebsiteList - <==      Total: 1
08:17:29.568 [http-nio-8081-exec-4] INFO  sys-user - [0:0:0:0:0:0:0:1][superadmin][Error][验证码错误]
08:17:29.569 [http-nio-8081-exec-4] DEBUG com.rzspider.project.monitor.logininfor.mapper.LogininforMapper.insertLogininfor - ==>  Preparing: insert into sys_logininfor (login_name, status, ipaddr, browser, os, msg, login_time) values (?, ?, ?, ?, ?, ?, sysdate()) 
08:17:29.571 [http-nio-8081-exec-4] DEBUG com.rzspider.project.monitor.logininfor.mapper.LogininforMapper.insertLogininfor - ==> Parameters: superadmin(String), 1(String), 0:0:0:0:0:0:0:1(String), Chrome 9(String), Windows 10(String), 验证码错误(String)
08:17:29.579 [http-nio-8081-exec-4] DEBUG com.rzspider.project.monitor.logininfor.mapper.LogininforMapper.insertLogininfor - <==    Updates: 1
08:17:33.353 [http-nio-8081-exec-8] DEBUG com.rzspider.project.system.user.mapper.UserMapper.selectUserByLoginName - ==>  Preparing: select u.user_id, u.dept_id, u.login_name, u.user_name, u.email, u.phonenumber, u.sex, u.avatar, u.password, u.salt, u.status, u.refuse_des, u.login_ip, u.login_date, u.create_time, d.dept_id, d.parent_id, d.dept_name, d.order_num, d.status as dept_status from sys_user u left join sys_dept d on u.dept_id = d.dept_id left join sys_user_role ur on u.user_id = ur.user_id where u.login_name = ? 
08:17:33.355 [http-nio-8081-exec-8] DEBUG com.rzspider.project.system.user.mapper.UserMapper.selectUserByLoginName - ==> Parameters: superadmin(String)
08:17:33.365 [http-nio-8081-exec-8] DEBUG com.rzspider.project.system.user.mapper.UserMapper.selectUserByLoginName - <==      Total: 1
08:17:33.373 [http-nio-8081-exec-8] INFO  sys-user - [0:0:0:0:0:0:0:1][superadmin][Success][登录成功]
08:17:33.373 [http-nio-8081-exec-8] DEBUG com.rzspider.project.monitor.logininfor.mapper.LogininforMapper.insertLogininfor - ==>  Preparing: insert into sys_logininfor (login_name, status, ipaddr, browser, os, msg, login_time) values (?, ?, ?, ?, ?, ?, sysdate()) 
08:17:33.375 [http-nio-8081-exec-8] DEBUG com.rzspider.project.monitor.logininfor.mapper.LogininforMapper.insertLogininfor - ==> Parameters: superadmin(String), 0(String), 0:0:0:0:0:0:0:1(String), Chrome 9(String), Windows 10(String), 登录成功(String)
08:17:33.382 [http-nio-8081-exec-8] DEBUG com.rzspider.project.monitor.logininfor.mapper.LogininforMapper.insertLogininfor - <==    Updates: 1
08:17:33.385 [http-nio-8081-exec-8] DEBUG com.rzspider.project.system.user.mapper.UserMapper.updateUser - ==>  Preparing: update sys_user SET dept_id = ?, login_name = ?, user_name = ?, email = ?, phonenumber = ?, sex = ?, password = ?, salt = ?, status = ?, login_ip = ?, login_date = ?, update_time = sysdate() where 1=1 and user_id = ? 
08:17:33.388 [http-nio-8081-exec-8] DEBUG com.rzspider.project.system.user.mapper.UserMapper.updateUser - ==> Parameters: 100(Long), superadmin(String), 超级管理员(String), yt@qq.com(String), 15388886666(String), 0(String), cd8a05596b1d80966c635b53608ff841(String), 703d4d(String), 0(Integer), 0:0:0:0:0:0:0:1(String), 2021-09-22 08:17:33.382(Timestamp), 101(Long)
08:17:33.393 [http-nio-8081-exec-8] DEBUG com.rzspider.project.system.user.mapper.UserMapper.updateUser - <==    Updates: 1
08:17:33.414 [http-nio-8081-exec-5] DEBUG com.rzspider.project.system.menu.mapper.MenuMapper.selectMenusByUserId - ==>  Preparing: select distinct m.menu_id, m.parent_id, m.menu_name, m.url, m.perms , m.menu_type, m.icon, m.order_num, m.create_time from sys_menu m left join sys_role_menu rm on m.menu_id = rm.menu_id left join sys_user_role ur on rm.role_id = ur.role_id where ur.user_id = ? and m.menu_type in ('M', 'C') and m.visible = 0 order by m.order_num 
08:17:33.416 [http-nio-8081-exec-5] DEBUG com.rzspider.project.system.menu.mapper.MenuMapper.selectMenusByUserId - ==> Parameters: 101(Long)
08:17:33.444 [http-nio-8081-exec-5] DEBUG com.rzspider.project.system.menu.mapper.MenuMapper.selectMenusByUserId - <==      Total: 50
08:17:33.449 [http-nio-8081-exec-5] DEBUG com.rzspider.project.tool.baseset.mapper.BasesetMapper.selectBasesetByUseStatus - ==>  Preparing: select * from tool_baseset where use_status = ? 
08:17:33.449 [http-nio-8081-exec-5] DEBUG com.rzspider.project.tool.baseset.mapper.BasesetMapper.selectBasesetByUseStatus - ==> Parameters: 0(Integer)
08:17:33.451 [http-nio-8081-exec-5] DEBUG com.rzspider.project.tool.baseset.mapper.BasesetMapper.selectBasesetByUseStatus - <==      Total: 1
08:17:33.453 [http-nio-8081-exec-5] DEBUG com.rzspider.project.system.website.mapper.WebsiteMapper.selectWebsiteList - ==>  Preparing: select website_id, website_title_name,website_ico, website_des, website_domain_name, website_public_ip, website_public_port, website_copyright_information, website_mail_smtp_url, website_mail_smtp_port, website_mail_sender_mailbox, website_mail_sender_nickname, website_mail_sender_password, create_by, create_time, update_by, update_time, remark from sys_website 
08:17:33.453 [http-nio-8081-exec-5] DEBUG com.rzspider.project.system.website.mapper.WebsiteMapper.selectWebsiteList - ==> Parameters: 
08:17:33.455 [http-nio-8081-exec-5] DEBUG com.rzspider.project.system.website.mapper.WebsiteMapper.selectWebsiteList - <==      Total: 1
08:17:33.514 [http-nio-8081-exec-5] DEBUG com.rzspider.project.system.config.mapper.ConfigMapper.selectConfigByKey - ==>  Preparing: select config_id, config_name, config_key, config_value, config_type, create_by, create_time, update_by, update_time, remark from sys_config where config_key = ? 
08:17:33.515 [http-nio-8081-exec-5] DEBUG com.rzspider.project.system.config.mapper.ConfigMapper.selectConfigByKey - ==> Parameters: sys.index.skinName(String)
08:17:33.523 [http-nio-8081-exec-5] DEBUG com.rzspider.project.system.config.mapper.ConfigMapper.selectConfigByKey - <==      Total: 1
08:17:33.733 [http-nio-8081-exec-3] DEBUG com.rzspider.project.monitor.online.mapper.UserOnlineMapper.saveOnline - ==>  Preparing: replace into sys_user_online(sessionId, login_name, dept_name, ipaddr, browser, os, status, start_timestsamp, last_access_time, expire_time) values (?, ?, ?, ?, ?, ?, ?, ?, ?, ?) 
08:17:33.789 [http-nio-8081-exec-3] DEBUG com.rzspider.project.monitor.online.mapper.UserOnlineMapper.saveOnline - ==> Parameters: e1852d20-b17a-45c3-b777-946527fe2d1b(String), superadmin(String), 万邦船舶重工（舟山）有限公司(String), 0:0:0:0:0:0:0:1(String), Chrome 9(String), Windows 10(String), on_line(String), 2021-09-22 08:17:06.146(Timestamp), 2021-09-22 08:17:33.729(Timestamp), 1800000(Long)
08:17:33.801 [http-nio-8081-exec-3] DEBUG com.rzspider.project.monitor.online.mapper.UserOnlineMapper.saveOnline - <==    Updates: 1
08:17:33.807 [http-nio-8081-exec-3] DEBUG com.rzspider.project.tool.baseset.mapper.BasesetMapper.selectBasesetByUseStatus - ==>  Preparing: select * from tool_baseset where use_status = ? 
08:17:33.809 [http-nio-8081-exec-3] DEBUG com.rzspider.project.tool.baseset.mapper.BasesetMapper.selectBasesetByUseStatus - ==> Parameters: 0(Integer)
08:17:33.824 [http-nio-8081-exec-3] DEBUG com.rzspider.project.tool.baseset.mapper.BasesetMapper.selectBasesetByUseStatus - <==      Total: 1
08:17:33.831 [http-nio-8081-exec-3] DEBUG com.rzspider.project.system.website.mapper.WebsiteMapper.selectSomeWebsiteList - ==>  Preparing: select website_id, website_title_name, website_des, website_domain_name, website_public_ip, website_public_port, website_copyright_information, website_mail_smtp_url, website_mail_smtp_port, website_mail_sender_mailbox, website_mail_sender_nickname, website_mail_sender_password, create_by, create_time, update_by, update_time, remark from sys_website 
08:17:33.836 [http-nio-8081-exec-3] DEBUG com.rzspider.project.system.website.mapper.WebsiteMapper.selectSomeWebsiteList - ==> Parameters: 
08:17:33.840 [http-nio-8081-exec-3] DEBUG com.rzspider.project.system.website.mapper.WebsiteMapper.selectSomeWebsiteList - <==      Total: 1
08:18:53.877 [main] INFO  com.rzspider.RZSpiderApplication - Starting RZSpiderApplication on GC2129CHENWANAN with PID 9088 (E:\javaProject\target\classes started by A in E:\javaProject)
08:18:53.881 [main] DEBUG com.rzspider.RZSpiderApplication - Running with Spring Boot v1.5.10.RELEASE, Spring v4.3.14.RELEASE
08:18:53.882 [main] INFO  com.rzspider.RZSpiderApplication - The following profiles are active: druid
08:18:54.099 [background-preinit] INFO  org.hibernate.validator.internal.util.Version - HV000001: Hibernate Validator 5.3.6.Final
08:18:55.714 [main] INFO  org.apache.shiro.cache.ehcache.EhCacheManager - Cache with name 'com.rzspider.framework.shiro.realm.UserRealm.authorizationCache' does not yet exist.  Creating now.
08:18:55.716 [main] INFO  org.apache.shiro.cache.ehcache.EhCacheManager - Added EhCache named [com.rzspider.framework.shiro.realm.UserRealm.authorizationCache]
08:18:56.362 [main] INFO  com.alibaba.druid.pool.DruidDataSource - {dataSource-1} inited
08:18:57.619 [main] INFO  org.apache.shiro.cache.ehcache.EhCacheManager - Using existing EHCache named [loginRecordCache]
08:19:02.183 [main] INFO  org.apache.catalina.core.StandardService - Starting service [Tomcat]
08:19:02.186 [main] INFO  org.apache.catalina.core.StandardEngine - Starting Servlet Engine: Apache Tomcat/8.5.27
08:19:02.744 [localhost-startStop-1] INFO  org.apache.catalina.core.ContainerBase.[Tomcat].[localhost].[/] - Initializing Spring embedded WebApplicationContext
08:19:06.501 [main] INFO  org.quartz.impl.StdSchedulerFactory - Using default implementation for ThreadExecutor
08:19:06.517 [main] INFO  org.quartz.core.SchedulerSignalerImpl - Initialized Scheduler Signaller of type: class org.quartz.core.SchedulerSignalerImpl
08:19:06.517 [main] INFO  org.quartz.core.QuartzScheduler - Quartz Scheduler v.2.3.0 created.
08:19:06.530 [main] INFO  org.quartz.core.QuartzScheduler - Scheduler meta-data: Quartz Scheduler (v2.3.0) 'RZSpiderScheduler' with instanceId 'GC2129CHENWANAN1632269946504'
  Scheduler class: 'org.quartz.core.QuartzScheduler' - running locally.
  NOT STARTED.
  Currently in standby mode.
  Number of jobs executed: 0
  Using thread pool 'org.quartz.simpl.SimpleThreadPool' - with 20 threads.
  Using job-store 'org.springframework.scheduling.quartz.LocalDataSourceJobStore' - which supports persistence. and is clustered.

08:19:06.531 [main] INFO  org.quartz.impl.StdSchedulerFactory - Quartz scheduler 'RZSpiderScheduler' initialized from an externally provided properties instance.
08:19:06.531 [main] INFO  org.quartz.impl.StdSchedulerFactory - Quartz scheduler version: 2.3.0
08:19:06.533 [main] INFO  org.quartz.core.QuartzScheduler - JobFactory set to: org.springframework.scheduling.quartz.AdaptableJobFactory@49153009
08:19:06.692 [main] DEBUG c.r.project.spider.spidertask.mapper.SpidertaskMapper.selectSpidertaskList - ==>  Preparing: select task_id, task_name, spider_id, spider_back_id, spider_name,spider_type, create_Type, status, task_status,job_status, task_execfrequency, spider_default_params_all,task_params,cron_expression,times,task_execfrequency2,first_start_time, user_id, create_by, create_time, update_by, update_time, remark from spider_spidertask 
08:19:06.963 [main] DEBUG c.r.project.spider.spidertask.mapper.SpidertaskMapper.selectSpidertaskList - ==> Parameters: 
08:19:07.078 [main] DEBUG c.r.project.spider.spidertask.mapper.SpidertaskMapper.selectSpidertaskList - <==      Total: 1
08:19:07.237 [main] ERROR com.rzspider.project.spider.spidertask.utils.SpiderScheduleUtils - Based on configured schedule, the given trigger 'DEFAULT.TASK_SPIDER_1' will never fire.
08:19:08.029 [main] DEBUG com.rzspider.project.monitor.job.mapper.JobMapper.selectJobAll - ==>  Preparing: SELECT job_id, job_name, job_group, method_name, params, cron_expression, status, create_by, create_time FROM sys_job 
08:19:08.030 [main] DEBUG com.rzspider.project.monitor.job.mapper.JobMapper.selectJobAll - ==> Parameters: 
08:19:08.032 [main] DEBUG com.rzspider.project.monitor.job.mapper.JobMapper.selectJobAll - <==      Total: 0
08:19:11.178 [main] WARN  org.thymeleaf.templatemode.TemplateMode - [THYMELEAF][main] Template Mode 'LEGACYHTML5' is deprecated. Using Template Mode 'HTML' instead.
08:19:12.513 [main] INFO  org.apache.coyote.http11.Http11NioProtocol - Initializing ProtocolHandler ["http-nio-8081"]
08:19:12.523 [main] INFO  org.apache.coyote.http11.Http11NioProtocol - Starting ProtocolHandler ["http-nio-8081"]
08:19:12.534 [main] INFO  org.apache.tomcat.util.net.NioSelectorPool - Using a shared selector for servlet write/read
08:19:12.552 [main] INFO  com.rzspider.RZSpiderApplication - Started RZSpiderApplication in 19.1 seconds (JVM running for 21.697)
08:19:13.535 [Quartz Scheduler [RZSpiderScheduler]] INFO  org.quartz.core.QuartzScheduler - Scheduler RZSpiderScheduler_$_GC2129CHENWANAN1632269946504 started.
08:19:47.881 [http-nio-8081-exec-1] INFO  org.apache.catalina.core.ContainerBase.[Tomcat].[localhost].[/] - Initializing Spring FrameworkServlet 'dispatcherServlet'
08:19:47.936 [http-nio-8081-exec-1] INFO  org.apache.shiro.session.mgt.AbstractValidatingSessionManager - Enabling session validation scheduler...
08:19:47.937 [http-nio-8081-exec-1] DEBUG com.rzspider.framework.shiro.web.session.SpringSessionValidationScheduler - Scheduling session validation job using Spring Scheduler with session validation interval of [600000]ms...
08:19:47.938 [http-nio-8081-exec-1] DEBUG com.rzspider.framework.shiro.web.session.SpringSessionValidationScheduler - Session validation job successfully scheduled with Spring Scheduler.
08:19:47.940 [http-nio-8081-exec-1] INFO  org.apache.shiro.cache.ehcache.EhCacheManager - Using existing EHCache named [shiro-activeSessionCache]
08:19:47.949 [http-nio-8081-exec-1] DEBUG com.rzspider.project.monitor.online.mapper.UserOnlineMapper.selectOnlineById - ==>  Preparing: select * from sys_user_online where sessionid = ? 
08:19:47.950 [http-nio-8081-exec-1] DEBUG com.rzspider.project.monitor.online.mapper.UserOnlineMapper.selectOnlineById - ==> Parameters: e1852d20-b17a-45c3-b777-946527fe2d1b(String)
08:19:47.956 [http-nio-8081-exec-1] DEBUG com.rzspider.project.monitor.online.mapper.UserOnlineMapper.selectOnlineById - <==      Total: 1
08:19:47.958 [http-nio-8081-exec-1] DEBUG com.rzspider.project.monitor.online.mapper.UserOnlineMapper.selectOnlineById - ==>  Preparing: select * from sys_user_online where sessionid = ? 
08:19:47.959 [http-nio-8081-exec-1] DEBUG com.rzspider.project.monitor.online.mapper.UserOnlineMapper.selectOnlineById - ==> Parameters: e1852d20-b17a-45c3-b777-946527fe2d1b(String)
08:19:47.962 [http-nio-8081-exec-1] DEBUG com.rzspider.project.monitor.online.mapper.UserOnlineMapper.selectOnlineById - <==      Total: 1
08:19:47.986 [http-nio-8081-exec-1] DEBUG com.rzspider.project.monitor.online.mapper.UserOnlineMapper.selectOnlineById - ==>  Preparing: select * from sys_user_online where sessionid = ? 
08:19:47.987 [http-nio-8081-exec-1] DEBUG com.rzspider.project.monitor.online.mapper.UserOnlineMapper.selectOnlineById - ==> Parameters: e1852d20-b17a-45c3-b777-946527fe2d1b(String)
08:19:47.989 [http-nio-8081-exec-1] DEBUG com.rzspider.project.monitor.online.mapper.UserOnlineMapper.selectOnlineById - <==      Total: 1
08:19:47.991 [http-nio-8081-exec-1] DEBUG com.rzspider.project.monitor.online.mapper.UserOnlineMapper.selectOnlineById - ==>  Preparing: select * from sys_user_online where sessionid = ? 
08:19:47.991 [http-nio-8081-exec-1] DEBUG com.rzspider.project.monitor.online.mapper.UserOnlineMapper.selectOnlineById - ==> Parameters: e1852d20-b17a-45c3-b777-946527fe2d1b(String)
08:19:47.994 [http-nio-8081-exec-1] DEBUG com.rzspider.project.monitor.online.mapper.UserOnlineMapper.selectOnlineById - <==      Total: 1
08:19:48.000 [http-nio-8081-exec-1] DEBUG com.rzspider.project.monitor.online.mapper.UserOnlineMapper.selectOnlineById - ==>  Preparing: select * from sys_user_online where sessionid = ? 
08:19:48.001 [http-nio-8081-exec-1] DEBUG com.rzspider.project.monitor.online.mapper.UserOnlineMapper.selectOnlineById - ==> Parameters: e1852d20-b17a-45c3-b777-946527fe2d1b(String)
08:19:48.003 [http-nio-8081-exec-1] DEBUG com.rzspider.project.monitor.online.mapper.UserOnlineMapper.selectOnlineById - <==      Total: 1
08:19:48.004 [http-nio-8081-exec-1] DEBUG com.rzspider.project.monitor.online.mapper.UserOnlineMapper.selectOnlineById - ==>  Preparing: select * from sys_user_online where sessionid = ? 
08:19:48.005 [http-nio-8081-exec-1] DEBUG com.rzspider.project.monitor.online.mapper.UserOnlineMapper.selectOnlineById - ==> Parameters: e1852d20-b17a-45c3-b777-946527fe2d1b(String)
08:19:48.008 [http-nio-8081-exec-1] DEBUG com.rzspider.project.monitor.online.mapper.UserOnlineMapper.selectOnlineById - <==      Total: 1
08:19:48.010 [http-nio-8081-exec-1] DEBUG com.rzspider.project.monitor.online.mapper.UserOnlineMapper.selectOnlineById - ==>  Preparing: select * from sys_user_online where sessionid = ? 
08:19:48.011 [http-nio-8081-exec-1] DEBUG com.rzspider.project.monitor.online.mapper.UserOnlineMapper.selectOnlineById - ==> Parameters: e1852d20-b17a-45c3-b777-946527fe2d1b(String)
08:19:48.015 [http-nio-8081-exec-1] DEBUG com.rzspider.project.monitor.online.mapper.UserOnlineMapper.selectOnlineById - <==      Total: 1
08:19:48.017 [http-nio-8081-exec-1] DEBUG com.rzspider.project.monitor.online.mapper.UserOnlineMapper.selectOnlineById - ==>  Preparing: select * from sys_user_online where sessionid = ? 
08:19:48.018 [http-nio-8081-exec-1] DEBUG com.rzspider.project.monitor.online.mapper.UserOnlineMapper.selectOnlineById - ==> Parameters: e1852d20-b17a-45c3-b777-946527fe2d1b(String)
08:19:48.020 [http-nio-8081-exec-1] DEBUG com.rzspider.project.monitor.online.mapper.UserOnlineMapper.selectOnlineById - <==      Total: 1
08:19:48.058 [http-nio-8081-exec-1] DEBUG com.rzspider.project.system.menu.mapper.MenuMapper.selectMenusByUserId - ==>  Preparing: select distinct m.menu_id, m.parent_id, m.menu_name, m.url, m.perms , m.menu_type, m.icon, m.order_num, m.create_time from sys_menu m left join sys_role_menu rm on m.menu_id = rm.menu_id left join sys_user_role ur on rm.role_id = ur.role_id where ur.user_id = ? and m.menu_type in ('M', 'C') and m.visible = 0 order by m.order_num 
08:19:48.063 [http-nio-8081-exec-1] DEBUG com.rzspider.project.system.menu.mapper.MenuMapper.selectMenusByUserId - ==> Parameters: 101(Long)
08:19:48.080 [http-nio-8081-exec-1] DEBUG com.rzspider.project.system.menu.mapper.MenuMapper.selectMenusByUserId - <==      Total: 50
08:19:48.082 [http-nio-8081-exec-1] DEBUG com.rzspider.project.tool.baseset.mapper.BasesetMapper.selectBasesetByUseStatus - ==>  Preparing: select * from tool_baseset where use_status = ? 
08:19:48.084 [http-nio-8081-exec-1] DEBUG com.rzspider.project.tool.baseset.mapper.BasesetMapper.selectBasesetByUseStatus - ==> Parameters: 0(Integer)
08:19:48.091 [http-nio-8081-exec-1] DEBUG com.rzspider.project.tool.baseset.mapper.BasesetMapper.selectBasesetByUseStatus - <==      Total: 1
08:19:48.108 [http-nio-8081-exec-1] DEBUG com.rzspider.project.system.website.mapper.WebsiteMapper.selectWebsiteList - ==>  Preparing: select website_id, website_title_name,website_ico, website_des, website_domain_name, website_public_ip, website_public_port, website_copyright_information, website_mail_smtp_url, website_mail_smtp_port, website_mail_sender_mailbox, website_mail_sender_nickname, website_mail_sender_password, create_by, create_time, update_by, update_time, remark from sys_website 
08:19:48.112 [http-nio-8081-exec-1] DEBUG com.rzspider.project.system.website.mapper.WebsiteMapper.selectWebsiteList - ==> Parameters: 
08:19:48.127 [http-nio-8081-exec-1] DEBUG com.rzspider.project.system.website.mapper.WebsiteMapper.selectWebsiteList - <==      Total: 1
08:19:48.938 [pool-1-thread-1] INFO  com.rzspider.framework.shiro.web.session.OnlineWebSessionManager - invalidation sessions...
08:19:48.943 [pool-1-thread-1] DEBUG c.rzspider.project.monitor.online.mapper.UserOnlineMapper.selectOnlineByExpired - ==>  Preparing: SELECT * FROM sys_user_online o WHERE o.last_access_time <= ? ORDER BY o.last_access_time ASC 
08:19:48.947 [pool-1-thread-1] DEBUG c.rzspider.project.monitor.online.mapper.UserOnlineMapper.selectOnlineByExpired - ==> Parameters: 2021-09-22 07:49:48(String)
08:19:48.950 [pool-1-thread-1] DEBUG c.rzspider.project.monitor.online.mapper.UserOnlineMapper.selectOnlineByExpired - <==      Total: 0
08:19:48.952 [pool-1-thread-1] INFO  com.rzspider.framework.shiro.web.session.OnlineWebSessionManager - Finished invalidation session. No sessions were stopped.
08:19:49.299 [http-nio-8081-exec-1] DEBUG com.rzspider.project.system.config.mapper.ConfigMapper.selectConfigByKey - ==>  Preparing: select config_id, config_name, config_key, config_value, config_type, create_by, create_time, update_by, update_time, remark from sys_config where config_key = ? 
08:19:49.301 [http-nio-8081-exec-1] DEBUG com.rzspider.project.system.config.mapper.ConfigMapper.selectConfigByKey - ==> Parameters: sys.index.skinName(String)
08:19:49.317 [http-nio-8081-exec-1] DEBUG com.rzspider.project.system.config.mapper.ConfigMapper.selectConfigByKey - <==      Total: 1
08:19:49.634 [http-nio-8081-exec-2] DEBUG com.rzspider.project.monitor.online.mapper.UserOnlineMapper.saveOnline - ==>  Preparing: replace into sys_user_online(sessionId, login_name, dept_name, ipaddr, browser, os, status, start_timestsamp, last_access_time, expire_time) values (?, ?, ?, ?, ?, ?, ?, ?, ?, ?) 
08:19:49.673 [http-nio-8081-exec-2] DEBUG com.rzspider.project.monitor.online.mapper.UserOnlineMapper.saveOnline - ==> Parameters: e1852d20-b17a-45c3-b777-946527fe2d1b(String), superadmin(String), 万邦船舶重工（舟山）有限公司(String), 0:0:0:0:0:0:0:1(String), Chrome 9(String), Windows 10(String), on_line(String), 2021-09-22 08:19:48.02(Timestamp), 2021-09-22 08:19:49.627(Timestamp), 1800000(Long)
08:19:49.678 [http-nio-8081-exec-2] DEBUG com.rzspider.project.monitor.online.mapper.UserOnlineMapper.saveOnline - <==    Updates: 2
08:19:49.681 [http-nio-8081-exec-2] DEBUG com.rzspider.project.tool.baseset.mapper.BasesetMapper.selectBasesetByUseStatus - ==>  Preparing: select * from tool_baseset where use_status = ? 
08:19:49.682 [http-nio-8081-exec-2] DEBUG com.rzspider.project.tool.baseset.mapper.BasesetMapper.selectBasesetByUseStatus - ==> Parameters: 0(Integer)
08:19:49.686 [http-nio-8081-exec-2] DEBUG com.rzspider.project.tool.baseset.mapper.BasesetMapper.selectBasesetByUseStatus - <==      Total: 1
08:19:49.688 [http-nio-8081-exec-2] DEBUG com.rzspider.project.system.website.mapper.WebsiteMapper.selectSomeWebsiteList - ==>  Preparing: select website_id, website_title_name, website_des, website_domain_name, website_public_ip, website_public_port, website_copyright_information, website_mail_smtp_url, website_mail_smtp_port, website_mail_sender_mailbox, website_mail_sender_nickname, website_mail_sender_password, create_by, create_time, update_by, update_time, remark from sys_website 
08:19:49.690 [http-nio-8081-exec-2] DEBUG com.rzspider.project.system.website.mapper.WebsiteMapper.selectSomeWebsiteList - ==> Parameters: 
08:19:49.691 [http-nio-8081-exec-2] DEBUG com.rzspider.project.system.website.mapper.WebsiteMapper.selectSomeWebsiteList - <==      Total: 1
08:22:00.773 [main] INFO  com.rzspider.RZSpiderApplication - Starting RZSpiderApplication on GC2129CHENWANAN with PID 4616 (E:\javaProject\target\classes started by A in E:\javaProject)
08:22:00.784 [main] DEBUG com.rzspider.RZSpiderApplication - Running with Spring Boot v1.5.10.RELEASE, Spring v4.3.14.RELEASE
08:22:00.785 [main] INFO  com.rzspider.RZSpiderApplication - The following profiles are active: druid
08:22:01.078 [background-preinit] INFO  org.hibernate.validator.internal.util.Version - HV000001: Hibernate Validator 5.3.6.Final
08:22:03.434 [main] INFO  org.apache.shiro.cache.ehcache.EhCacheManager - Cache with name 'com.rzspider.framework.shiro.realm.UserRealm.authorizationCache' does not yet exist.  Creating now.
08:22:03.435 [main] INFO  org.apache.shiro.cache.ehcache.EhCacheManager - Added EhCache named [com.rzspider.framework.shiro.realm.UserRealm.authorizationCache]
08:22:04.359 [main] INFO  com.alibaba.druid.pool.DruidDataSource - {dataSource-1} inited
08:22:05.918 [main] INFO  org.apache.shiro.cache.ehcache.EhCacheManager - Using existing EHCache named [loginRecordCache]
08:22:08.693 [main] INFO  org.apache.catalina.core.StandardService - Starting service [Tomcat]
08:22:08.694 [main] INFO  org.apache.catalina.core.StandardEngine - Starting Servlet Engine: Apache Tomcat/8.5.27
08:22:08.814 [localhost-startStop-1] INFO  org.apache.catalina.core.ContainerBase.[Tomcat].[localhost].[/] - Initializing Spring embedded WebApplicationContext
08:22:11.889 [main] INFO  org.quartz.impl.StdSchedulerFactory - Using default implementation for ThreadExecutor
08:22:11.906 [main] INFO  org.quartz.core.SchedulerSignalerImpl - Initialized Scheduler Signaller of type: class org.quartz.core.SchedulerSignalerImpl
08:22:11.906 [main] INFO  org.quartz.core.QuartzScheduler - Quartz Scheduler v.2.3.0 created.
08:22:11.923 [main] INFO  org.quartz.core.QuartzScheduler - Scheduler meta-data: Quartz Scheduler (v2.3.0) 'RZSpiderScheduler' with instanceId 'GC2129CHENWANAN1632270131891'
  Scheduler class: 'org.quartz.core.QuartzScheduler' - running locally.
  NOT STARTED.
  Currently in standby mode.
  Number of jobs executed: 0
  Using thread pool 'org.quartz.simpl.SimpleThreadPool' - with 20 threads.
  Using job-store 'org.springframework.scheduling.quartz.LocalDataSourceJobStore' - which supports persistence. and is clustered.

08:22:11.923 [main] INFO  org.quartz.impl.StdSchedulerFactory - Quartz scheduler 'RZSpiderScheduler' initialized from an externally provided properties instance.
08:22:11.924 [main] INFO  org.quartz.impl.StdSchedulerFactory - Quartz scheduler version: 2.3.0
08:22:11.926 [main] INFO  org.quartz.core.QuartzScheduler - JobFactory set to: org.springframework.scheduling.quartz.AdaptableJobFactory@414e8b31
08:22:12.093 [main] DEBUG c.r.project.spider.spidertask.mapper.SpidertaskMapper.selectSpidertaskList - ==>  Preparing: select task_id, task_name, spider_id, spider_back_id, spider_name,spider_type, create_Type, status, task_status,job_status, task_execfrequency, spider_default_params_all,task_params,cron_expression,times,task_execfrequency2,first_start_time, user_id, create_by, create_time, update_by, update_time, remark from spider_spidertask 
08:22:12.326 [main] DEBUG c.r.project.spider.spidertask.mapper.SpidertaskMapper.selectSpidertaskList - ==> Parameters: 
08:22:12.367 [main] DEBUG c.r.project.spider.spidertask.mapper.SpidertaskMapper.selectSpidertaskList - <==      Total: 1
08:22:12.430 [main] ERROR com.rzspider.project.spider.spidertask.utils.SpiderScheduleUtils - Based on configured schedule, the given trigger 'DEFAULT.TASK_SPIDER_1' will never fire.
08:22:13.041 [main] DEBUG com.rzspider.project.monitor.job.mapper.JobMapper.selectJobAll - ==>  Preparing: SELECT job_id, job_name, job_group, method_name, params, cron_expression, status, create_by, create_time FROM sys_job 
08:22:13.042 [main] DEBUG com.rzspider.project.monitor.job.mapper.JobMapper.selectJobAll - ==> Parameters: 
08:22:13.044 [main] DEBUG com.rzspider.project.monitor.job.mapper.JobMapper.selectJobAll - <==      Total: 0
08:22:16.781 [main] WARN  org.thymeleaf.templatemode.TemplateMode - [THYMELEAF][main] Template Mode 'LEGACYHTML5' is deprecated. Using Template Mode 'HTML' instead.
08:22:18.445 [main] INFO  org.apache.coyote.http11.Http11NioProtocol - Initializing ProtocolHandler ["http-nio-8081"]
08:22:18.457 [main] INFO  org.apache.coyote.http11.Http11NioProtocol - Starting ProtocolHandler ["http-nio-8081"]
08:22:18.469 [main] INFO  org.apache.tomcat.util.net.NioSelectorPool - Using a shared selector for servlet write/read
08:22:18.495 [main] INFO  com.rzspider.RZSpiderApplication - Started RZSpiderApplication in 18.653 seconds (JVM running for 21.744)
08:22:18.862 [http-nio-8081-exec-1] INFO  org.apache.catalina.core.ContainerBase.[Tomcat].[localhost].[/] - Initializing Spring FrameworkServlet 'dispatcherServlet'
08:22:18.932 [http-nio-8081-exec-1] INFO  org.apache.shiro.session.mgt.AbstractValidatingSessionManager - Enabling session validation scheduler...
08:22:18.933 [http-nio-8081-exec-1] DEBUG com.rzspider.framework.shiro.web.session.SpringSessionValidationScheduler - Scheduling session validation job using Spring Scheduler with session validation interval of [600000]ms...
08:22:18.933 [http-nio-8081-exec-1] DEBUG com.rzspider.framework.shiro.web.session.SpringSessionValidationScheduler - Session validation job successfully scheduled with Spring Scheduler.
08:22:18.935 [http-nio-8081-exec-1] INFO  org.apache.shiro.cache.ehcache.EhCacheManager - Using existing EHCache named [shiro-activeSessionCache]
08:22:18.942 [http-nio-8081-exec-1] DEBUG com.rzspider.project.monitor.online.mapper.UserOnlineMapper.selectOnlineById - ==>  Preparing: select * from sys_user_online where sessionid = ? 
08:22:18.944 [http-nio-8081-exec-1] DEBUG com.rzspider.project.monitor.online.mapper.UserOnlineMapper.selectOnlineById - ==> Parameters: e1852d20-b17a-45c3-b777-946527fe2d1b(String)
08:22:18.950 [http-nio-8081-exec-1] DEBUG com.rzspider.project.monitor.online.mapper.UserOnlineMapper.selectOnlineById - <==      Total: 1
08:22:18.952 [http-nio-8081-exec-1] DEBUG com.rzspider.project.monitor.online.mapper.UserOnlineMapper.selectOnlineById - ==>  Preparing: select * from sys_user_online where sessionid = ? 
08:22:18.952 [http-nio-8081-exec-1] DEBUG com.rzspider.project.monitor.online.mapper.UserOnlineMapper.selectOnlineById - ==> Parameters: e1852d20-b17a-45c3-b777-946527fe2d1b(String)
08:22:18.954 [http-nio-8081-exec-1] DEBUG com.rzspider.project.monitor.online.mapper.UserOnlineMapper.selectOnlineById - <==      Total: 1
08:22:18.973 [http-nio-8081-exec-1] DEBUG com.rzspider.project.monitor.online.mapper.UserOnlineMapper.selectOnlineById - ==>  Preparing: select * from sys_user_online where sessionid = ? 
08:22:18.973 [http-nio-8081-exec-1] DEBUG com.rzspider.project.monitor.online.mapper.UserOnlineMapper.selectOnlineById - ==> Parameters: e1852d20-b17a-45c3-b777-946527fe2d1b(String)
08:22:18.975 [http-nio-8081-exec-1] DEBUG com.rzspider.project.monitor.online.mapper.UserOnlineMapper.selectOnlineById - <==      Total: 1
08:22:18.977 [http-nio-8081-exec-1] DEBUG com.rzspider.project.monitor.online.mapper.UserOnlineMapper.selectOnlineById - ==>  Preparing: select * from sys_user_online where sessionid = ? 
08:22:18.977 [http-nio-8081-exec-1] DEBUG com.rzspider.project.monitor.online.mapper.UserOnlineMapper.selectOnlineById - ==> Parameters: e1852d20-b17a-45c3-b777-946527fe2d1b(String)
08:22:18.979 [http-nio-8081-exec-1] DEBUG com.rzspider.project.monitor.online.mapper.UserOnlineMapper.selectOnlineById - <==      Total: 1
08:22:18.984 [http-nio-8081-exec-1] DEBUG com.rzspider.project.monitor.online.mapper.UserOnlineMapper.selectOnlineById - ==>  Preparing: select * from sys_user_online where sessionid = ? 
08:22:18.985 [http-nio-8081-exec-1] DEBUG com.rzspider.project.monitor.online.mapper.UserOnlineMapper.selectOnlineById - ==> Parameters: e1852d20-b17a-45c3-b777-946527fe2d1b(String)
08:22:18.987 [http-nio-8081-exec-1] DEBUG com.rzspider.project.monitor.online.mapper.UserOnlineMapper.selectOnlineById - <==      Total: 1
08:22:18.989 [http-nio-8081-exec-1] DEBUG com.rzspider.project.monitor.online.mapper.UserOnlineMapper.selectOnlineById - ==>  Preparing: select * from sys_user_online where sessionid = ? 
08:22:18.990 [http-nio-8081-exec-1] DEBUG com.rzspider.project.monitor.online.mapper.UserOnlineMapper.selectOnlineById - ==> Parameters: e1852d20-b17a-45c3-b777-946527fe2d1b(String)
08:22:18.992 [http-nio-8081-exec-1] DEBUG com.rzspider.project.monitor.online.mapper.UserOnlineMapper.selectOnlineById - <==      Total: 1
08:22:18.994 [http-nio-8081-exec-1] DEBUG com.rzspider.project.monitor.online.mapper.UserOnlineMapper.selectOnlineById - ==>  Preparing: select * from sys_user_online where sessionid = ? 
08:22:18.995 [http-nio-8081-exec-1] DEBUG com.rzspider.project.monitor.online.mapper.UserOnlineMapper.selectOnlineById - ==> Parameters: e1852d20-b17a-45c3-b777-946527fe2d1b(String)
08:22:18.998 [http-nio-8081-exec-1] DEBUG com.rzspider.project.monitor.online.mapper.UserOnlineMapper.selectOnlineById - <==      Total: 1
08:22:18.999 [http-nio-8081-exec-1] DEBUG com.rzspider.project.monitor.online.mapper.UserOnlineMapper.selectOnlineById - ==>  Preparing: select * from sys_user_online where sessionid = ? 
08:22:19.000 [http-nio-8081-exec-1] DEBUG com.rzspider.project.monitor.online.mapper.UserOnlineMapper.selectOnlineById - ==> Parameters: e1852d20-b17a-45c3-b777-946527fe2d1b(String)
08:22:19.002 [http-nio-8081-exec-1] DEBUG com.rzspider.project.monitor.online.mapper.UserOnlineMapper.selectOnlineById - <==      Total: 1
08:22:19.036 [http-nio-8081-exec-1] DEBUG com.rzspider.project.system.menu.mapper.MenuMapper.selectMenusByUserId - ==>  Preparing: select distinct m.menu_id, m.parent_id, m.menu_name, m.url, m.perms , m.menu_type, m.icon, m.order_num, m.create_time from sys_menu m left join sys_role_menu rm on m.menu_id = rm.menu_id left join sys_user_role ur on rm.role_id = ur.role_id where ur.user_id = ? and m.menu_type in ('M', 'C') and m.visible = 0 order by m.order_num 
08:22:19.048 [http-nio-8081-exec-1] DEBUG com.rzspider.project.system.menu.mapper.MenuMapper.selectMenusByUserId - ==> Parameters: 101(Long)
08:22:19.081 [http-nio-8081-exec-1] DEBUG com.rzspider.project.system.menu.mapper.MenuMapper.selectMenusByUserId - <==      Total: 50
08:22:19.090 [http-nio-8081-exec-1] DEBUG com.rzspider.project.tool.baseset.mapper.BasesetMapper.selectBasesetByUseStatus - ==>  Preparing: select * from tool_baseset where use_status = ? 
08:22:19.098 [http-nio-8081-exec-1] DEBUG com.rzspider.project.tool.baseset.mapper.BasesetMapper.selectBasesetByUseStatus - ==> Parameters: 0(Integer)
08:22:19.118 [http-nio-8081-exec-1] DEBUG com.rzspider.project.tool.baseset.mapper.BasesetMapper.selectBasesetByUseStatus - <==      Total: 1
08:22:19.127 [http-nio-8081-exec-1] DEBUG com.rzspider.project.system.website.mapper.WebsiteMapper.selectWebsiteList - ==>  Preparing: select website_id, website_title_name,website_ico, website_des, website_domain_name, website_public_ip, website_public_port, website_copyright_information, website_mail_smtp_url, website_mail_smtp_port, website_mail_sender_mailbox, website_mail_sender_nickname, website_mail_sender_password, create_by, create_time, update_by, update_time, remark from sys_website 
08:22:19.130 [http-nio-8081-exec-1] DEBUG com.rzspider.project.system.website.mapper.WebsiteMapper.selectWebsiteList - ==> Parameters: 
08:22:19.141 [http-nio-8081-exec-1] DEBUG com.rzspider.project.system.website.mapper.WebsiteMapper.selectWebsiteList - <==      Total: 1
08:22:19.508 [Quartz Scheduler [RZSpiderScheduler]] INFO  org.quartz.core.QuartzScheduler - Scheduler RZSpiderScheduler_$_GC2129CHENWANAN1632270131891 started.
08:22:20.116 [pool-1-thread-1] INFO  com.rzspider.framework.shiro.web.session.OnlineWebSessionManager - invalidation sessions...
08:22:20.128 [pool-1-thread-1] DEBUG c.rzspider.project.monitor.online.mapper.UserOnlineMapper.selectOnlineByExpired - ==>  Preparing: SELECT * FROM sys_user_online o WHERE o.last_access_time <= ? ORDER BY o.last_access_time ASC 
08:22:20.130 [pool-1-thread-1] DEBUG c.rzspider.project.monitor.online.mapper.UserOnlineMapper.selectOnlineByExpired - ==> Parameters: 2021-09-22 07:52:20(String)
08:22:20.132 [pool-1-thread-1] DEBUG c.rzspider.project.monitor.online.mapper.UserOnlineMapper.selectOnlineByExpired - <==      Total: 0
08:22:20.132 [pool-1-thread-1] INFO  com.rzspider.framework.shiro.web.session.OnlineWebSessionManager - Finished invalidation session. No sessions were stopped.
08:22:20.436 [http-nio-8081-exec-1] DEBUG com.rzspider.project.system.config.mapper.ConfigMapper.selectConfigByKey - ==>  Preparing: select config_id, config_name, config_key, config_value, config_type, create_by, create_time, update_by, update_time, remark from sys_config where config_key = ? 
08:22:20.439 [http-nio-8081-exec-1] DEBUG com.rzspider.project.system.config.mapper.ConfigMapper.selectConfigByKey - ==> Parameters: sys.index.skinName(String)
08:22:20.448 [http-nio-8081-exec-1] DEBUG com.rzspider.project.system.config.mapper.ConfigMapper.selectConfigByKey - <==      Total: 1
08:22:20.705 [http-nio-8081-exec-2] DEBUG com.rzspider.project.monitor.online.mapper.UserOnlineMapper.saveOnline - ==>  Preparing: replace into sys_user_online(sessionId, login_name, dept_name, ipaddr, browser, os, status, start_timestsamp, last_access_time, expire_time) values (?, ?, ?, ?, ?, ?, ?, ?, ?, ?) 
08:22:20.758 [http-nio-8081-exec-2] DEBUG com.rzspider.project.monitor.online.mapper.UserOnlineMapper.saveOnline - ==> Parameters: e1852d20-b17a-45c3-b777-946527fe2d1b(String), superadmin(String), 万邦船舶重工（舟山）有限公司(String), 0:0:0:0:0:0:0:1(String), Chrome 9(String), Windows 10(String), on_line(String), 2021-09-22 08:22:19.001(Timestamp), 2021-09-22 08:22:20.702(Timestamp), 1800000(Long)
08:22:20.766 [http-nio-8081-exec-2] DEBUG com.rzspider.project.monitor.online.mapper.UserOnlineMapper.saveOnline - <==    Updates: 2
08:22:20.770 [http-nio-8081-exec-2] DEBUG com.rzspider.project.tool.baseset.mapper.BasesetMapper.selectBasesetByUseStatus - ==>  Preparing: select * from tool_baseset where use_status = ? 
08:22:20.772 [http-nio-8081-exec-2] DEBUG com.rzspider.project.tool.baseset.mapper.BasesetMapper.selectBasesetByUseStatus - ==> Parameters: 0(Integer)
08:22:20.776 [http-nio-8081-exec-2] DEBUG com.rzspider.project.tool.baseset.mapper.BasesetMapper.selectBasesetByUseStatus - <==      Total: 1
08:22:20.779 [http-nio-8081-exec-2] DEBUG com.rzspider.project.system.website.mapper.WebsiteMapper.selectSomeWebsiteList - ==>  Preparing: select website_id, website_title_name, website_des, website_domain_name, website_public_ip, website_public_port, website_copyright_information, website_mail_smtp_url, website_mail_smtp_port, website_mail_sender_mailbox, website_mail_sender_nickname, website_mail_sender_password, create_by, create_time, update_by, update_time, remark from sys_website 
08:22:20.781 [http-nio-8081-exec-2] DEBUG com.rzspider.project.system.website.mapper.WebsiteMapper.selectSomeWebsiteList - ==> Parameters: 
08:22:20.785 [http-nio-8081-exec-2] DEBUG com.rzspider.project.system.website.mapper.WebsiteMapper.selectSomeWebsiteList - <==      Total: 1
08:22:23.007 [http-nio-8081-exec-4] DEBUG com.rzspider.project.system.menu.mapper.MenuMapper.selectMenusByUserId - ==>  Preparing: select distinct m.menu_id, m.parent_id, m.menu_name, m.url, m.perms , m.menu_type, m.icon, m.order_num, m.create_time from sys_menu m left join sys_role_menu rm on m.menu_id = rm.menu_id left join sys_user_role ur on rm.role_id = ur.role_id where ur.user_id = ? and m.menu_type in ('M', 'C') and m.visible = 0 order by m.order_num 
08:22:23.007 [http-nio-8081-exec-4] DEBUG com.rzspider.project.system.menu.mapper.MenuMapper.selectMenusByUserId - ==> Parameters: 101(Long)
08:22:23.013 [http-nio-8081-exec-4] DEBUG com.rzspider.project.system.menu.mapper.MenuMapper.selectMenusByUserId - <==      Total: 50
08:22:23.015 [http-nio-8081-exec-4] DEBUG com.rzspider.project.tool.baseset.mapper.BasesetMapper.selectBasesetByUseStatus - ==>  Preparing: select * from tool_baseset where use_status = ? 
08:22:23.016 [http-nio-8081-exec-4] DEBUG com.rzspider.project.tool.baseset.mapper.BasesetMapper.selectBasesetByUseStatus - ==> Parameters: 0(Integer)
08:22:23.020 [http-nio-8081-exec-4] DEBUG com.rzspider.project.tool.baseset.mapper.BasesetMapper.selectBasesetByUseStatus - <==      Total: 1
08:22:23.021 [http-nio-8081-exec-4] DEBUG com.rzspider.project.system.website.mapper.WebsiteMapper.selectWebsiteList - ==>  Preparing: select website_id, website_title_name,website_ico, website_des, website_domain_name, website_public_ip, website_public_port, website_copyright_information, website_mail_smtp_url, website_mail_smtp_port, website_mail_sender_mailbox, website_mail_sender_nickname, website_mail_sender_password, create_by, create_time, update_by, update_time, remark from sys_website 
08:22:23.021 [http-nio-8081-exec-4] DEBUG com.rzspider.project.system.website.mapper.WebsiteMapper.selectWebsiteList - ==> Parameters: 
08:22:23.023 [http-nio-8081-exec-4] DEBUG com.rzspider.project.system.website.mapper.WebsiteMapper.selectWebsiteList - <==      Total: 1
08:22:23.032 [http-nio-8081-exec-4] DEBUG com.rzspider.project.system.config.mapper.ConfigMapper.selectConfigByKey - ==>  Preparing: select config_id, config_name, config_key, config_value, config_type, create_by, create_time, update_by, update_time, remark from sys_config where config_key = ? 
08:22:23.033 [http-nio-8081-exec-4] DEBUG com.rzspider.project.system.config.mapper.ConfigMapper.selectConfigByKey - ==> Parameters: sys.index.skinName(String)
08:22:23.035 [http-nio-8081-exec-4] DEBUG com.rzspider.project.system.config.mapper.ConfigMapper.selectConfigByKey - <==      Total: 1
08:22:23.071 [http-nio-8081-exec-5] DEBUG com.rzspider.project.tool.baseset.mapper.BasesetMapper.selectBasesetByUseStatus - ==>  Preparing: select * from tool_baseset where use_status = ? 
08:22:23.072 [http-nio-8081-exec-5] DEBUG com.rzspider.project.tool.baseset.mapper.BasesetMapper.selectBasesetByUseStatus - ==> Parameters: 0(Integer)
08:22:23.074 [http-nio-8081-exec-5] DEBUG com.rzspider.project.tool.baseset.mapper.BasesetMapper.selectBasesetByUseStatus - <==      Total: 1
08:22:23.076 [http-nio-8081-exec-5] DEBUG com.rzspider.project.system.website.mapper.WebsiteMapper.selectSomeWebsiteList - ==>  Preparing: select website_id, website_title_name, website_des, website_domain_name, website_public_ip, website_public_port, website_copyright_information, website_mail_smtp_url, website_mail_smtp_port, website_mail_sender_mailbox, website_mail_sender_nickname, website_mail_sender_password, create_by, create_time, update_by, update_time, remark from sys_website 
08:22:23.077 [http-nio-8081-exec-5] DEBUG com.rzspider.project.system.website.mapper.WebsiteMapper.selectSomeWebsiteList - ==> Parameters: 
08:22:23.080 [http-nio-8081-exec-5] DEBUG com.rzspider.project.system.website.mapper.WebsiteMapper.selectSomeWebsiteList - <==      Total: 1
08:22:27.018 [http-nio-8081-exec-7] DEBUG com.rzspider.project.system.role.mapper.RoleMapper.selectRolesByUserId - ==>  Preparing: SELECT r.role_id, r.role_name, r.role_key FROM sys_user u LEFT JOIN sys_user_role ur ON u.user_id = ur.user_id LEFT JOIN sys_role r ON ur.role_id = r.role_id WHERE ur.user_id = ? 
08:22:27.020 [http-nio-8081-exec-7] DEBUG com.rzspider.project.system.role.mapper.RoleMapper.selectRolesByUserId - ==> Parameters: 101(Long)
08:22:27.024 [http-nio-8081-exec-7] DEBUG com.rzspider.project.system.role.mapper.RoleMapper.selectRolesByUserId - <==      Total: 1
08:22:27.026 [http-nio-8081-exec-7] DEBUG com.rzspider.project.system.menu.mapper.MenuMapper.selectPermsByUserId - ==>  Preparing: select distinct m.perms from sys_menu m left join sys_role_menu rm on m.menu_id = rm.menu_id left join sys_user_role ur on rm.role_id = ur.role_id where ur.user_id = ? 
08:22:27.028 [http-nio-8081-exec-7] DEBUG com.rzspider.project.system.menu.mapper.MenuMapper.selectPermsByUserId - ==> Parameters: 101(Long)
08:22:27.035 [http-nio-8081-exec-7] DEBUG com.rzspider.project.system.menu.mapper.MenuMapper.selectPermsByUserId - <==      Total: 277
08:22:27.124 [http-nio-8081-exec-7] DEBUG com.rzspider.project.monitor.operlog.mapper.OperLogMapper.insertOperlog - ==>  Preparing: insert into sys_oper_log(title, action, method, channel, login_name, dept_name, oper_url, oper_ip, oper_param, status, error_msg, oper_time) values (?, ?, ?, ?, ?, ?, ?, ?, ?, ?, ?, sysdate()) 
08:22:27.127 [http-nio-8081-exec-7] DEBUG com.rzspider.project.monitor.operlog.mapper.OperLogMapper.insertOperlog - ==> Parameters: 资产管理(String), 资产列表管理-管理查看(String), com.rzspider.project.salary.controller.SalaryListController.bookmanage()(String), web(String), superadmin(String), 万邦船舶重工（舟山）有限公司(String), /salary/salarymanage(String), 0:0:0:0:0:0:0:1(String), {}(String), 0(Integer), null
08:22:27.133 [http-nio-8081-exec-7] DEBUG com.rzspider.project.monitor.operlog.mapper.OperLogMapper.insertOperlog - <==    Updates: 1
08:22:27.622 [http-nio-8081-exec-9] DEBUG c.r.project.book.bookmanage.mapper.BookmanageMapper.selectBookmanageList_COUNT - ==>  Preparing: SELECT count(0) FROM book_bookmanage WHERE user_id = ? 
08:22:27.623 [http-nio-8081-exec-9] DEBUG c.r.project.book.bookmanage.mapper.BookmanageMapper.selectBookmanageList_COUNT - ==> Parameters: 101(Integer)
08:22:27.628 [http-nio-8081-exec-9] DEBUG c.r.project.book.bookmanage.mapper.BookmanageMapper.selectBookmanageList_COUNT - <==      Total: 1
08:22:27.635 [http-nio-8081-exec-9] DEBUG c.rzspider.project.book.bookmanage.mapper.BookmanageMapper.selectBookmanageList - ==>  Preparing: SELECT book_id, book_name, book_author, book_publisher, book_ISBN, book_des, book_language, book_original_price, book_purchase_price, book_publish_time, book_classification, book_binding, book_pages, book_stay_address, book_read_status, book_read_star, book_read_evaluation, user_id, status, create_by, create_time, update_by, update_time, remark FROM book_bookmanage WHERE user_id = ? order by book_id asc LIMIT ? 
08:22:27.638 [http-nio-8081-exec-9] DEBUG c.rzspider.project.book.bookmanage.mapper.BookmanageMapper.selectBookmanageList - ==> Parameters: 101(Integer), 10(Integer)
08:22:27.643 [http-nio-8081-exec-9] DEBUG c.rzspider.project.book.bookmanage.mapper.BookmanageMapper.selectBookmanageList - <==      Total: 10
08:22:43.770 [http-nio-8081-exec-4] DEBUG c.r.project.book.bookmanage.mapper.BookmanageMapper.selectBookmanageList_COUNT - ==>  Preparing: SELECT count(0) FROM book_bookmanage WHERE user_id = ? 
08:22:43.771 [http-nio-8081-exec-4] DEBUG c.r.project.book.bookmanage.mapper.BookmanageMapper.selectBookmanageList_COUNT - ==> Parameters: 101(Integer)
08:22:43.772 [http-nio-8081-exec-4] DEBUG c.r.project.book.bookmanage.mapper.BookmanageMapper.selectBookmanageList_COUNT - <==      Total: 1
08:22:43.774 [http-nio-8081-exec-4] DEBUG c.rzspider.project.book.bookmanage.mapper.BookmanageMapper.selectBookmanageList - ==>  Preparing: SELECT book_id, book_name, book_author, book_publisher, book_ISBN, book_des, book_language, book_original_price, book_purchase_price, book_publish_time, book_classification, book_binding, book_pages, book_stay_address, book_read_status, book_read_star, book_read_evaluation, user_id, status, create_by, create_time, update_by, update_time, remark FROM book_bookmanage WHERE user_id = ? order by book_id asc LIMIT ?, ? 
08:22:43.775 [http-nio-8081-exec-4] DEBUG c.rzspider.project.book.bookmanage.mapper.BookmanageMapper.selectBookmanageList - ==> Parameters: 101(Integer), 30(Integer), 10(Integer)
08:22:43.783 [http-nio-8081-exec-4] DEBUG c.rzspider.project.book.bookmanage.mapper.BookmanageMapper.selectBookmanageList - <==      Total: 10
08:57:46.125 [main] INFO  com.rzspider.RZSpiderApplication - Starting RZSpiderApplication on GC2129CHENWANAN with PID 12864 (E:\JavaProjectleaf\target\classes started by A in E:\JavaProjectleaf)
08:57:46.129 [main] DEBUG com.rzspider.RZSpiderApplication - Running with Spring Boot v1.5.10.RELEASE, Spring v4.3.14.RELEASE
08:57:46.129 [main] INFO  com.rzspider.RZSpiderApplication - The following profiles are active: druid
08:57:46.327 [background-preinit] INFO  org.hibernate.validator.internal.util.Version - HV000001: Hibernate Validator 5.3.6.Final
08:57:48.044 [main] INFO  org.apache.shiro.cache.ehcache.EhCacheManager - Cache with name 'com.rzspider.framework.shiro.realm.UserRealm.authorizationCache' does not yet exist.  Creating now.
08:57:48.045 [main] INFO  org.apache.shiro.cache.ehcache.EhCacheManager - Added EhCache named [com.rzspider.framework.shiro.realm.UserRealm.authorizationCache]
08:57:48.546 [main] INFO  com.alibaba.druid.pool.DruidDataSource - {dataSource-1} inited
08:57:49.700 [main] INFO  org.apache.shiro.cache.ehcache.EhCacheManager - Using existing EHCache named [loginRecordCache]
08:57:51.514 [main] INFO  org.apache.catalina.core.StandardService - Starting service [Tomcat]
08:57:51.515 [main] INFO  org.apache.catalina.core.StandardEngine - Starting Servlet Engine: Apache Tomcat/8.5.27
08:57:51.623 [localhost-startStop-1] INFO  org.apache.catalina.core.ContainerBase.[Tomcat].[localhost].[/] - Initializing Spring embedded WebApplicationContext
08:57:54.227 [main] INFO  org.quartz.impl.StdSchedulerFactory - Using default implementation for ThreadExecutor
08:57:54.239 [main] INFO  org.quartz.core.SchedulerSignalerImpl - Initialized Scheduler Signaller of type: class org.quartz.core.SchedulerSignalerImpl
08:57:54.240 [main] INFO  org.quartz.core.QuartzScheduler - Quartz Scheduler v.2.3.0 created.
08:57:54.249 [main] INFO  org.quartz.core.QuartzScheduler - Scheduler meta-data: Quartz Scheduler (v2.3.0) 'RZSpiderScheduler' with instanceId 'GC2129CHENWANAN1632272274229'
  Scheduler class: 'org.quartz.core.QuartzScheduler' - running locally.
  NOT STARTED.
  Currently in standby mode.
  Number of jobs executed: 0
  Using thread pool 'org.quartz.simpl.SimpleThreadPool' - with 20 threads.
  Using job-store 'org.springframework.scheduling.quartz.LocalDataSourceJobStore' - which supports persistence. and is clustered.

08:57:54.250 [main] INFO  org.quartz.impl.StdSchedulerFactory - Quartz scheduler 'RZSpiderScheduler' initialized from an externally provided properties instance.
08:57:54.250 [main] INFO  org.quartz.impl.StdSchedulerFactory - Quartz scheduler version: 2.3.0
08:57:54.252 [main] INFO  org.quartz.core.QuartzScheduler - JobFactory set to: org.springframework.scheduling.quartz.AdaptableJobFactory@2411b935
08:57:54.369 [main] DEBUG c.r.project.spider.spidertask.mapper.SpidertaskMapper.selectSpidertaskList - ==>  Preparing: select task_id, task_name, spider_id, spider_back_id, spider_name,spider_type, create_Type, status, task_status,job_status, task_execfrequency, spider_default_params_all,task_params,cron_expression,times,task_execfrequency2,first_start_time, user_id, create_by, create_time, update_by, update_time, remark from spider_spidertask 
08:57:54.439 [main] DEBUG c.r.project.spider.spidertask.mapper.SpidertaskMapper.selectSpidertaskList - ==> Parameters: 
08:57:54.478 [main] DEBUG c.r.project.spider.spidertask.mapper.SpidertaskMapper.selectSpidertaskList - <==      Total: 1
08:57:54.566 [main] ERROR com.rzspider.project.spider.spidertask.utils.SpiderScheduleUtils - Based on configured schedule, the given trigger 'DEFAULT.TASK_SPIDER_1' will never fire.
08:57:55.051 [main] DEBUG com.rzspider.project.monitor.job.mapper.JobMapper.selectJobAll - ==>  Preparing: SELECT job_id, job_name, job_group, method_name, params, cron_expression, status, create_by, create_time FROM sys_job 
08:57:55.052 [main] DEBUG com.rzspider.project.monitor.job.mapper.JobMapper.selectJobAll - ==> Parameters: 
08:57:55.055 [main] DEBUG com.rzspider.project.monitor.job.mapper.JobMapper.selectJobAll - <==      Total: 0
08:57:58.538 [main] WARN  org.thymeleaf.templatemode.TemplateMode - [THYMELEAF][main] Template Mode 'LEGACYHTML5' is deprecated. Using Template Mode 'HTML' instead.
08:57:59.940 [main] INFO  org.apache.coyote.http11.Http11NioProtocol - Initializing ProtocolHandler ["http-nio-8081"]
08:57:59.958 [main] INFO  org.apache.coyote.http11.Http11NioProtocol - Starting ProtocolHandler ["http-nio-8081"]
08:57:59.973 [main] INFO  org.apache.tomcat.util.net.NioSelectorPool - Using a shared selector for servlet write/read
08:58:00.003 [main] INFO  com.rzspider.RZSpiderApplication - Started RZSpiderApplication in 14.303 seconds (JVM running for 19.053)
08:58:00.977 [Quartz Scheduler [RZSpiderScheduler]] INFO  org.quartz.core.QuartzScheduler - Scheduler RZSpiderScheduler_$_GC2129CHENWANAN1632272274229 started.
08:59:53.560 [main] INFO  com.rzspider.RZSpiderApplication - Starting RZSpiderApplication on GC2129CHENWANAN with PID 11508 (E:\JavaProjectleaf\target\classes started by A in E:\JavaProjectleaf)
08:59:53.564 [main] DEBUG com.rzspider.RZSpiderApplication - Running with Spring Boot v1.5.10.RELEASE, Spring v4.3.14.RELEASE
08:59:53.565 [main] INFO  com.rzspider.RZSpiderApplication - The following profiles are active: druid
08:59:53.857 [background-preinit] INFO  org.hibernate.validator.internal.util.Version - HV000001: Hibernate Validator 5.3.6.Final
08:59:55.594 [main] INFO  org.apache.shiro.cache.ehcache.EhCacheManager - Cache with name 'com.rzspider.framework.shiro.realm.UserRealm.authorizationCache' does not yet exist.  Creating now.
08:59:55.595 [main] INFO  org.apache.shiro.cache.ehcache.EhCacheManager - Added EhCache named [com.rzspider.framework.shiro.realm.UserRealm.authorizationCache]
08:59:55.998 [main] INFO  com.alibaba.druid.pool.DruidDataSource - {dataSource-1} inited
08:59:56.899 [main] INFO  org.apache.shiro.cache.ehcache.EhCacheManager - Using existing EHCache named [loginRecordCache]
08:59:58.403 [main] INFO  org.apache.catalina.core.StandardService - Starting service [Tomcat]
08:59:58.404 [main] INFO  org.apache.catalina.core.StandardEngine - Starting Servlet Engine: Apache Tomcat/8.5.27
08:59:58.491 [localhost-startStop-1] INFO  org.apache.catalina.core.ContainerBase.[Tomcat].[localhost].[/] - Initializing Spring embedded WebApplicationContext
09:00:00.571 [main] INFO  org.quartz.impl.StdSchedulerFactory - Using default implementation for ThreadExecutor
09:00:00.582 [main] INFO  org.quartz.core.SchedulerSignalerImpl - Initialized Scheduler Signaller of type: class org.quartz.core.SchedulerSignalerImpl
09:00:00.583 [main] INFO  org.quartz.core.QuartzScheduler - Quartz Scheduler v.2.3.0 created.
09:00:00.592 [main] INFO  org.quartz.core.QuartzScheduler - Scheduler meta-data: Quartz Scheduler (v2.3.0) 'RZSpiderScheduler' with instanceId 'GC2129CHENWANAN1632272400573'
  Scheduler class: 'org.quartz.core.QuartzScheduler' - running locally.
  NOT STARTED.
  Currently in standby mode.
  Number of jobs executed: 0
  Using thread pool 'org.quartz.simpl.SimpleThreadPool' - with 20 threads.
  Using job-store 'org.springframework.scheduling.quartz.LocalDataSourceJobStore' - which supports persistence. and is clustered.

09:00:00.592 [main] INFO  org.quartz.impl.StdSchedulerFactory - Quartz scheduler 'RZSpiderScheduler' initialized from an externally provided properties instance.
09:00:00.593 [main] INFO  org.quartz.impl.StdSchedulerFactory - Quartz scheduler version: 2.3.0
09:00:00.594 [main] INFO  org.quartz.core.QuartzScheduler - JobFactory set to: org.springframework.scheduling.quartz.AdaptableJobFactory@56a9a7b5
09:00:00.703 [main] DEBUG c.r.project.spider.spidertask.mapper.SpidertaskMapper.selectSpidertaskList - ==>  Preparing: select task_id, task_name, spider_id, spider_back_id, spider_name,spider_type, create_Type, status, task_status,job_status, task_execfrequency, spider_default_params_all,task_params,cron_expression,times,task_execfrequency2,first_start_time, user_id, create_by, create_time, update_by, update_time, remark from spider_spidertask 
09:00:00.759 [main] DEBUG c.r.project.spider.spidertask.mapper.SpidertaskMapper.selectSpidertaskList - ==> Parameters: 
09:00:00.780 [main] DEBUG c.r.project.spider.spidertask.mapper.SpidertaskMapper.selectSpidertaskList - <==      Total: 1
09:00:00.858 [main] ERROR com.rzspider.project.spider.spidertask.utils.SpiderScheduleUtils - Based on configured schedule, the given trigger 'DEFAULT.TASK_SPIDER_1' will never fire.
09:00:01.329 [main] DEBUG com.rzspider.project.monitor.job.mapper.JobMapper.selectJobAll - ==>  Preparing: SELECT job_id, job_name, job_group, method_name, params, cron_expression, status, create_by, create_time FROM sys_job 
09:00:01.330 [main] DEBUG com.rzspider.project.monitor.job.mapper.JobMapper.selectJobAll - ==> Parameters: 
09:00:01.334 [main] DEBUG com.rzspider.project.monitor.job.mapper.JobMapper.selectJobAll - <==      Total: 0
09:00:04.029 [main] WARN  org.thymeleaf.templatemode.TemplateMode - [THYMELEAF][main] Template Mode 'LEGACYHTML5' is deprecated. Using Template Mode 'HTML' instead.
09:00:05.414 [main] INFO  org.apache.coyote.http11.Http11NioProtocol - Initializing ProtocolHandler ["http-nio-8081"]
09:00:05.425 [main] INFO  org.apache.coyote.http11.Http11NioProtocol - Starting ProtocolHandler ["http-nio-8081"]
09:00:05.436 [main] INFO  org.apache.tomcat.util.net.NioSelectorPool - Using a shared selector for servlet write/read
09:00:05.457 [main] INFO  com.rzspider.RZSpiderApplication - Started RZSpiderApplication in 12.405 seconds (JVM running for 14.475)
09:00:06.418 [Quartz Scheduler [RZSpiderScheduler]] INFO  org.quartz.core.QuartzScheduler - Scheduler RZSpiderScheduler_$_GC2129CHENWANAN1632272400573 started.
09:03:02.079 [main] INFO  com.rzspider.RZSpiderApplication - Starting RZSpiderApplication on GC2129CHENWANAN with PID 704 (E:\JavaProjectleaf\target\classes started by A in E:\JavaProjectleaf)
09:03:02.084 [main] DEBUG com.rzspider.RZSpiderApplication - Running with Spring Boot v1.5.10.RELEASE, Spring v4.3.14.RELEASE
09:03:02.084 [main] INFO  com.rzspider.RZSpiderApplication - The following profiles are active: druid
09:03:02.262 [background-preinit] INFO  org.hibernate.validator.internal.util.Version - HV000001: Hibernate Validator 5.3.6.Final
09:03:03.471 [main] INFO  org.apache.shiro.cache.ehcache.EhCacheManager - Cache with name 'com.rzspider.framework.shiro.realm.UserRealm.authorizationCache' does not yet exist.  Creating now.
09:03:03.472 [main] INFO  org.apache.shiro.cache.ehcache.EhCacheManager - Added EhCache named [com.rzspider.framework.shiro.realm.UserRealm.authorizationCache]
09:03:03.801 [main] INFO  com.alibaba.druid.pool.DruidDataSource - {dataSource-1} inited
09:03:04.566 [main] INFO  org.apache.shiro.cache.ehcache.EhCacheManager - Using existing EHCache named [loginRecordCache]
09:03:05.945 [main] INFO  org.apache.catalina.core.StandardService - Starting service [Tomcat]
09:03:05.946 [main] INFO  org.apache.catalina.core.StandardEngine - Starting Servlet Engine: Apache Tomcat/8.5.27
09:03:06.063 [localhost-startStop-1] INFO  org.apache.catalina.core.ContainerBase.[Tomcat].[localhost].[/] - Initializing Spring embedded WebApplicationContext
09:03:08.154 [main] INFO  org.quartz.impl.StdSchedulerFactory - Using default implementation for ThreadExecutor
09:03:08.165 [main] INFO  org.quartz.core.SchedulerSignalerImpl - Initialized Scheduler Signaller of type: class org.quartz.core.SchedulerSignalerImpl
09:03:08.165 [main] INFO  org.quartz.core.QuartzScheduler - Quartz Scheduler v.2.3.0 created.
09:03:08.174 [main] INFO  org.quartz.core.QuartzScheduler - Scheduler meta-data: Quartz Scheduler (v2.3.0) 'RZSpiderScheduler' with instanceId 'GC2129CHENWANAN1632272588155'
  Scheduler class: 'org.quartz.core.QuartzScheduler' - running locally.
  NOT STARTED.
  Currently in standby mode.
  Number of jobs executed: 0
  Using thread pool 'org.quartz.simpl.SimpleThreadPool' - with 20 threads.
  Using job-store 'org.springframework.scheduling.quartz.LocalDataSourceJobStore' - which supports persistence. and is clustered.

09:03:08.174 [main] INFO  org.quartz.impl.StdSchedulerFactory - Quartz scheduler 'RZSpiderScheduler' initialized from an externally provided properties instance.
09:03:08.174 [main] INFO  org.quartz.impl.StdSchedulerFactory - Quartz scheduler version: 2.3.0
09:03:08.176 [main] INFO  org.quartz.core.QuartzScheduler - JobFactory set to: org.springframework.scheduling.quartz.AdaptableJobFactory@3428420d
09:03:08.284 [main] DEBUG c.r.project.spider.spidertask.mapper.SpidertaskMapper.selectSpidertaskList - ==>  Preparing: select task_id, task_name, spider_id, spider_back_id, spider_name,spider_type, create_Type, status, task_status,job_status, task_execfrequency, spider_default_params_all,task_params,cron_expression,times,task_execfrequency2,first_start_time, user_id, create_by, create_time, update_by, update_time, remark from spider_spidertask 
09:03:08.338 [main] DEBUG c.r.project.spider.spidertask.mapper.SpidertaskMapper.selectSpidertaskList - ==> Parameters: 
09:03:08.354 [main] DEBUG c.r.project.spider.spidertask.mapper.SpidertaskMapper.selectSpidertaskList - <==      Total: 1
09:03:08.414 [main] ERROR com.rzspider.project.spider.spidertask.utils.SpiderScheduleUtils - Based on configured schedule, the given trigger 'DEFAULT.TASK_SPIDER_1' will never fire.
09:03:08.893 [main] DEBUG com.rzspider.project.monitor.job.mapper.JobMapper.selectJobAll - ==>  Preparing: SELECT job_id, job_name, job_group, method_name, params, cron_expression, status, create_by, create_time FROM sys_job 
09:03:08.894 [main] DEBUG com.rzspider.project.monitor.job.mapper.JobMapper.selectJobAll - ==> Parameters: 
09:03:08.896 [main] DEBUG com.rzspider.project.monitor.job.mapper.JobMapper.selectJobAll - <==      Total: 0
09:03:11.438 [main] WARN  org.thymeleaf.templatemode.TemplateMode - [THYMELEAF][main] Template Mode 'LEGACYHTML5' is deprecated. Using Template Mode 'HTML' instead.
09:03:12.658 [main] INFO  org.apache.coyote.http11.Http11NioProtocol - Initializing ProtocolHandler ["http-nio-8081"]
09:03:12.667 [main] INFO  org.apache.coyote.http11.Http11NioProtocol - Starting ProtocolHandler ["http-nio-8081"]
09:03:12.677 [main] INFO  org.apache.tomcat.util.net.NioSelectorPool - Using a shared selector for servlet write/read
09:03:12.695 [main] INFO  com.rzspider.RZSpiderApplication - Started RZSpiderApplication in 11.062 seconds (JVM running for 13.083)
09:03:13.667 [Quartz Scheduler [RZSpiderScheduler]] INFO  org.quartz.core.QuartzScheduler - Scheduler RZSpiderScheduler_$_GC2129CHENWANAN1632272588155 started.
09:03:35.828 [main] INFO  com.rzspider.RZSpiderApplication - Starting RZSpiderApplication on GC2129CHENWANAN with PID 3068 (E:\JavaProjectleaf\target\classes started by A in E:\JavaProjectleaf)
09:03:35.833 [main] DEBUG com.rzspider.RZSpiderApplication - Running with Spring Boot v1.5.10.RELEASE, Spring v4.3.14.RELEASE
09:03:35.833 [main] INFO  com.rzspider.RZSpiderApplication - The following profiles are active: druid
09:03:36.043 [background-preinit] INFO  org.hibernate.validator.internal.util.Version - HV000001: Hibernate Validator 5.3.6.Final
09:03:37.413 [main] INFO  org.apache.shiro.cache.ehcache.EhCacheManager - Cache with name 'com.rzspider.framework.shiro.realm.UserRealm.authorizationCache' does not yet exist.  Creating now.
09:03:37.414 [main] INFO  org.apache.shiro.cache.ehcache.EhCacheManager - Added EhCache named [com.rzspider.framework.shiro.realm.UserRealm.authorizationCache]
09:03:37.756 [main] INFO  com.alibaba.druid.pool.DruidDataSource - {dataSource-1} inited
09:03:38.510 [main] INFO  org.apache.shiro.cache.ehcache.EhCacheManager - Using existing EHCache named [loginRecordCache]
09:03:39.910 [main] INFO  org.apache.catalina.core.StandardService - Starting service [Tomcat]
09:03:39.911 [main] INFO  org.apache.catalina.core.StandardEngine - Starting Servlet Engine: Apache Tomcat/8.5.27
09:03:40.016 [localhost-startStop-1] INFO  org.apache.catalina.core.ContainerBase.[Tomcat].[localhost].[/] - Initializing Spring embedded WebApplicationContext
09:03:42.065 [main] INFO  org.quartz.impl.StdSchedulerFactory - Using default implementation for ThreadExecutor
09:03:42.076 [main] INFO  org.quartz.core.SchedulerSignalerImpl - Initialized Scheduler Signaller of type: class org.quartz.core.SchedulerSignalerImpl
09:03:42.076 [main] INFO  org.quartz.core.QuartzScheduler - Quartz Scheduler v.2.3.0 created.
09:03:42.084 [main] INFO  org.quartz.core.QuartzScheduler - Scheduler meta-data: Quartz Scheduler (v2.3.0) 'RZSpiderScheduler' with instanceId 'GC2129CHENWANAN1632272622067'
  Scheduler class: 'org.quartz.core.QuartzScheduler' - running locally.
  NOT STARTED.
  Currently in standby mode.
  Number of jobs executed: 0
  Using thread pool 'org.quartz.simpl.SimpleThreadPool' - with 20 threads.
  Using job-store 'org.springframework.scheduling.quartz.LocalDataSourceJobStore' - which supports persistence. and is clustered.

09:03:42.085 [main] INFO  org.quartz.impl.StdSchedulerFactory - Quartz scheduler 'RZSpiderScheduler' initialized from an externally provided properties instance.
09:03:42.085 [main] INFO  org.quartz.impl.StdSchedulerFactory - Quartz scheduler version: 2.3.0
09:03:42.086 [main] INFO  org.quartz.core.QuartzScheduler - JobFactory set to: org.springframework.scheduling.quartz.AdaptableJobFactory@70700b8a
09:03:42.194 [main] DEBUG c.r.project.spider.spidertask.mapper.SpidertaskMapper.selectSpidertaskList - ==>  Preparing: select task_id, task_name, spider_id, spider_back_id, spider_name,spider_type, create_Type, status, task_status,job_status, task_execfrequency, spider_default_params_all,task_params,cron_expression,times,task_execfrequency2,first_start_time, user_id, create_by, create_time, update_by, update_time, remark from spider_spidertask 
09:03:42.252 [main] DEBUG c.r.project.spider.spidertask.mapper.SpidertaskMapper.selectSpidertaskList - ==> Parameters: 
09:03:42.267 [main] DEBUG c.r.project.spider.spidertask.mapper.SpidertaskMapper.selectSpidertaskList - <==      Total: 1
09:03:42.336 [main] ERROR com.rzspider.project.spider.spidertask.utils.SpiderScheduleUtils - Based on configured schedule, the given trigger 'DEFAULT.TASK_SPIDER_1' will never fire.
09:03:42.819 [main] DEBUG com.rzspider.project.monitor.job.mapper.JobMapper.selectJobAll - ==>  Preparing: SELECT job_id, job_name, job_group, method_name, params, cron_expression, status, create_by, create_time FROM sys_job 
09:03:42.820 [main] DEBUG com.rzspider.project.monitor.job.mapper.JobMapper.selectJobAll - ==> Parameters: 
09:03:42.822 [main] DEBUG com.rzspider.project.monitor.job.mapper.JobMapper.selectJobAll - <==      Total: 0
09:03:45.377 [main] WARN  org.thymeleaf.templatemode.TemplateMode - [THYMELEAF][main] Template Mode 'LEGACYHTML5' is deprecated. Using Template Mode 'HTML' instead.
09:03:46.592 [main] INFO  org.apache.coyote.http11.Http11NioProtocol - Initializing ProtocolHandler ["http-nio-8081"]
09:03:46.601 [main] INFO  org.apache.coyote.http11.Http11NioProtocol - Starting ProtocolHandler ["http-nio-8081"]
09:03:46.612 [main] INFO  org.apache.tomcat.util.net.NioSelectorPool - Using a shared selector for servlet write/read
09:03:46.633 [main] INFO  com.rzspider.RZSpiderApplication - Started RZSpiderApplication in 11.213 seconds (JVM running for 13.133)
09:03:47.599 [Quartz Scheduler [RZSpiderScheduler]] INFO  org.quartz.core.QuartzScheduler - Scheduler RZSpiderScheduler_$_GC2129CHENWANAN1632272622067 started.
09:04:25.333 [main] INFO  com.rzspider.RZSpiderApplication - Starting RZSpiderApplication on GC2129CHENWANAN with PID 12324 (E:\JavaProjectleaf\target\classes started by A in E:\JavaProjectleaf)
09:04:25.340 [main] DEBUG com.rzspider.RZSpiderApplication - Running with Spring Boot v1.5.10.RELEASE, Spring v4.3.14.RELEASE
09:04:25.340 [main] INFO  com.rzspider.RZSpiderApplication - The following profiles are active: druid
09:04:25.530 [background-preinit] INFO  org.hibernate.validator.internal.util.Version - HV000001: Hibernate Validator 5.3.6.Final
09:04:26.953 [main] INFO  org.apache.shiro.cache.ehcache.EhCacheManager - Cache with name 'com.rzspider.framework.shiro.realm.UserRealm.authorizationCache' does not yet exist.  Creating now.
09:04:26.954 [main] INFO  org.apache.shiro.cache.ehcache.EhCacheManager - Added EhCache named [com.rzspider.framework.shiro.realm.UserRealm.authorizationCache]
09:04:27.323 [main] INFO  com.alibaba.druid.pool.DruidDataSource - {dataSource-1} inited
09:04:28.190 [main] INFO  org.apache.shiro.cache.ehcache.EhCacheManager - Using existing EHCache named [loginRecordCache]
09:04:29.643 [main] INFO  org.apache.catalina.core.StandardService - Starting service [Tomcat]
09:04:29.644 [main] INFO  org.apache.catalina.core.StandardEngine - Starting Servlet Engine: Apache Tomcat/8.5.27
09:04:29.754 [localhost-startStop-1] INFO  org.apache.catalina.core.ContainerBase.[Tomcat].[localhost].[/] - Initializing Spring embedded WebApplicationContext
09:04:31.750 [main] INFO  org.quartz.impl.StdSchedulerFactory - Using default implementation for ThreadExecutor
09:04:31.762 [main] INFO  org.quartz.core.SchedulerSignalerImpl - Initialized Scheduler Signaller of type: class org.quartz.core.SchedulerSignalerImpl
09:04:31.762 [main] INFO  org.quartz.core.QuartzScheduler - Quartz Scheduler v.2.3.0 created.
09:04:31.771 [main] INFO  org.quartz.core.QuartzScheduler - Scheduler meta-data: Quartz Scheduler (v2.3.0) 'RZSpiderScheduler' with instanceId 'GC2129CHENWANAN1632272671752'
  Scheduler class: 'org.quartz.core.QuartzScheduler' - running locally.
  NOT STARTED.
  Currently in standby mode.
  Number of jobs executed: 0
  Using thread pool 'org.quartz.simpl.SimpleThreadPool' - with 20 threads.
  Using job-store 'org.springframework.scheduling.quartz.LocalDataSourceJobStore' - which supports persistence. and is clustered.

09:04:31.771 [main] INFO  org.quartz.impl.StdSchedulerFactory - Quartz scheduler 'RZSpiderScheduler' initialized from an externally provided properties instance.
09:04:31.771 [main] INFO  org.quartz.impl.StdSchedulerFactory - Quartz scheduler version: 2.3.0
09:04:31.772 [main] INFO  org.quartz.core.QuartzScheduler - JobFactory set to: org.springframework.scheduling.quartz.AdaptableJobFactory@df432ec
09:04:31.872 [main] DEBUG c.r.project.spider.spidertask.mapper.SpidertaskMapper.selectSpidertaskList - ==>  Preparing: select task_id, task_name, spider_id, spider_back_id, spider_name,spider_type, create_Type, status, task_status,job_status, task_execfrequency, spider_default_params_all,task_params,cron_expression,times,task_execfrequency2,first_start_time, user_id, create_by, create_time, update_by, update_time, remark from spider_spidertask 
09:04:31.923 [main] DEBUG c.r.project.spider.spidertask.mapper.SpidertaskMapper.selectSpidertaskList - ==> Parameters: 
09:04:31.938 [main] DEBUG c.r.project.spider.spidertask.mapper.SpidertaskMapper.selectSpidertaskList - <==      Total: 1
09:04:31.984 [main] ERROR com.rzspider.project.spider.spidertask.utils.SpiderScheduleUtils - Based on configured schedule, the given trigger 'DEFAULT.TASK_SPIDER_1' will never fire.
09:04:32.465 [main] DEBUG com.rzspider.project.monitor.job.mapper.JobMapper.selectJobAll - ==>  Preparing: SELECT job_id, job_name, job_group, method_name, params, cron_expression, status, create_by, create_time FROM sys_job 
09:04:32.465 [main] DEBUG com.rzspider.project.monitor.job.mapper.JobMapper.selectJobAll - ==> Parameters: 
09:04:32.467 [main] DEBUG com.rzspider.project.monitor.job.mapper.JobMapper.selectJobAll - <==      Total: 0
09:04:34.963 [main] WARN  org.thymeleaf.templatemode.TemplateMode - [THYMELEAF][main] Template Mode 'LEGACYHTML5' is deprecated. Using Template Mode 'HTML' instead.
09:04:36.165 [main] INFO  org.apache.coyote.http11.Http11NioProtocol - Initializing ProtocolHandler ["http-nio-8081"]
09:04:36.174 [main] INFO  org.apache.coyote.http11.Http11NioProtocol - Starting ProtocolHandler ["http-nio-8081"]
09:04:36.184 [main] INFO  org.apache.tomcat.util.net.NioSelectorPool - Using a shared selector for servlet write/read
09:04:36.204 [main] INFO  com.rzspider.RZSpiderApplication - Started RZSpiderApplication in 11.324 seconds (JVM running for 13.241)
09:04:37.178 [Quartz Scheduler [RZSpiderScheduler]] INFO  org.quartz.core.QuartzScheduler - Scheduler RZSpiderScheduler_$_GC2129CHENWANAN1632272671752 started.
09:20:05.101 [main] INFO  com.rzspider.JavaProjectApplication - Starting JavaProjectApplication on GC2129CHENWANAN with PID 7992 (E:\JavaProjectleaf\target\classes started by A in E:\JavaProjectleaf)
09:20:05.105 [main] DEBUG com.rzspider.JavaProjectApplication - Running with Spring Boot v1.5.10.RELEASE, Spring v4.3.14.RELEASE
09:20:05.105 [main] INFO  com.rzspider.JavaProjectApplication - The following profiles are active: druid
09:20:05.366 [background-preinit] INFO  org.hibernate.validator.internal.util.Version - HV000001: Hibernate Validator 5.3.6.Final
09:20:06.698 [main] INFO  org.apache.shiro.cache.ehcache.EhCacheManager - Cache with name 'com.rzspider.framework.shiro.realm.UserRealm.authorizationCache' does not yet exist.  Creating now.
09:20:06.699 [main] INFO  org.apache.shiro.cache.ehcache.EhCacheManager - Added EhCache named [com.rzspider.framework.shiro.realm.UserRealm.authorizationCache]
09:20:07.057 [main] INFO  com.alibaba.druid.pool.DruidDataSource - {dataSource-1} inited
09:20:07.845 [main] INFO  org.apache.shiro.cache.ehcache.EhCacheManager - Using existing EHCache named [loginRecordCache]
09:20:09.273 [main] INFO  org.apache.catalina.core.StandardService - Starting service [Tomcat]
09:20:09.274 [main] INFO  org.apache.catalina.core.StandardEngine - Starting Servlet Engine: Apache Tomcat/8.5.27
09:20:09.390 [localhost-startStop-1] INFO  org.apache.catalina.core.ContainerBase.[Tomcat].[localhost].[/] - Initializing Spring embedded WebApplicationContext
09:20:11.349 [main] INFO  org.quartz.impl.StdSchedulerFactory - Using default implementation for ThreadExecutor
09:20:11.359 [main] INFO  org.quartz.core.SchedulerSignalerImpl - Initialized Scheduler Signaller of type: class org.quartz.core.SchedulerSignalerImpl
09:20:11.359 [main] INFO  org.quartz.core.QuartzScheduler - Quartz Scheduler v.2.3.0 created.
09:20:11.367 [main] INFO  org.quartz.core.QuartzScheduler - Scheduler meta-data: Quartz Scheduler (v2.3.0) 'RZSpiderScheduler' with instanceId 'GC2129CHENWANAN1632273611350'
  Scheduler class: 'org.quartz.core.QuartzScheduler' - running locally.
  NOT STARTED.
  Currently in standby mode.
  Number of jobs executed: 0
  Using thread pool 'org.quartz.simpl.SimpleThreadPool' - with 20 threads.
  Using job-store 'org.springframework.scheduling.quartz.LocalDataSourceJobStore' - which supports persistence. and is clustered.

09:20:11.367 [main] INFO  org.quartz.impl.StdSchedulerFactory - Quartz scheduler 'RZSpiderScheduler' initialized from an externally provided properties instance.
09:20:11.368 [main] INFO  org.quartz.impl.StdSchedulerFactory - Quartz scheduler version: 2.3.0
09:20:11.369 [main] INFO  org.quartz.core.QuartzScheduler - JobFactory set to: org.springframework.scheduling.quartz.AdaptableJobFactory@61d6c8c4
09:20:11.469 [main] DEBUG c.r.project.spider.spidertask.mapper.SpidertaskMapper.selectSpidertaskList - ==>  Preparing: select task_id, task_name, spider_id, spider_back_id, spider_name,spider_type, create_Type, status, task_status,job_status, task_execfrequency, spider_default_params_all,task_params,cron_expression,times,task_execfrequency2,first_start_time, user_id, create_by, create_time, update_by, update_time, remark from spider_spidertask 
09:20:11.526 [main] DEBUG c.r.project.spider.spidertask.mapper.SpidertaskMapper.selectSpidertaskList - ==> Parameters: 
09:20:11.541 [main] DEBUG c.r.project.spider.spidertask.mapper.SpidertaskMapper.selectSpidertaskList - <==      Total: 1
09:20:11.634 [main] ERROR com.rzspider.project.spider.spidertask.utils.SpiderScheduleUtils - Based on configured schedule, the given trigger 'DEFAULT.TASK_SPIDER_1' will never fire.
09:20:12.096 [main] DEBUG com.rzspider.project.monitor.job.mapper.JobMapper.selectJobAll - ==>  Preparing: SELECT job_id, job_name, job_group, method_name, params, cron_expression, status, create_by, create_time FROM sys_job 
09:20:12.097 [main] DEBUG com.rzspider.project.monitor.job.mapper.JobMapper.selectJobAll - ==> Parameters: 
09:20:12.098 [main] DEBUG com.rzspider.project.monitor.job.mapper.JobMapper.selectJobAll - <==      Total: 0
09:20:14.574 [main] WARN  org.thymeleaf.templatemode.TemplateMode - [THYMELEAF][main] Template Mode 'LEGACYHTML5' is deprecated. Using Template Mode 'HTML' instead.
09:20:15.795 [main] INFO  org.apache.coyote.http11.Http11NioProtocol - Initializing ProtocolHandler ["http-nio-8081"]
09:20:15.804 [main] INFO  org.apache.coyote.http11.Http11NioProtocol - Starting ProtocolHandler ["http-nio-8081"]
09:20:15.814 [main] INFO  org.apache.tomcat.util.net.NioSelectorPool - Using a shared selector for servlet write/read
09:20:15.832 [main] INFO  com.rzspider.JavaProjectApplication - Started JavaProjectApplication in 11.196 seconds (JVM running for 13.174)
09:20:16.809 [Quartz Scheduler [RZSpiderScheduler]] INFO  org.quartz.core.QuartzScheduler - Scheduler RZSpiderScheduler_$_GC2129CHENWANAN1632273611350 started.
09:20:24.009 [http-nio-8081-exec-1] INFO  org.apache.catalina.core.ContainerBase.[Tomcat].[localhost].[/] - Initializing Spring FrameworkServlet 'dispatcherServlet'
09:20:24.047 [http-nio-8081-exec-1] INFO  org.apache.shiro.session.mgt.AbstractValidatingSessionManager - Enabling session validation scheduler...
09:20:24.047 [http-nio-8081-exec-1] DEBUG com.rzspider.framework.shiro.web.session.SpringSessionValidationScheduler - Scheduling session validation job using Spring Scheduler with session validation interval of [600000]ms...
09:20:24.048 [http-nio-8081-exec-1] DEBUG com.rzspider.framework.shiro.web.session.SpringSessionValidationScheduler - Session validation job successfully scheduled with Spring Scheduler.
09:20:24.049 [http-nio-8081-exec-1] INFO  org.apache.shiro.cache.ehcache.EhCacheManager - Using existing EHCache named [shiro-activeSessionCache]
09:20:24.055 [http-nio-8081-exec-1] DEBUG com.rzspider.project.monitor.online.mapper.UserOnlineMapper.selectOnlineById - ==>  Preparing: select * from sys_user_online where sessionid = ? 
09:20:24.056 [http-nio-8081-exec-1] DEBUG com.rzspider.project.monitor.online.mapper.UserOnlineMapper.selectOnlineById - ==> Parameters: e1852d20-b17a-45c3-b777-946527fe2d1b(String)
09:20:24.060 [http-nio-8081-exec-1] DEBUG com.rzspider.project.monitor.online.mapper.UserOnlineMapper.selectOnlineById - <==      Total: 1
09:20:24.062 [http-nio-8081-exec-1] DEBUG com.rzspider.project.monitor.online.mapper.UserOnlineMapper.selectOnlineById - ==>  Preparing: select * from sys_user_online where sessionid = ? 
09:20:24.063 [http-nio-8081-exec-1] DEBUG com.rzspider.project.monitor.online.mapper.UserOnlineMapper.selectOnlineById - ==> Parameters: e1852d20-b17a-45c3-b777-946527fe2d1b(String)
09:20:24.064 [http-nio-8081-exec-1] DEBUG com.rzspider.project.monitor.online.mapper.UserOnlineMapper.selectOnlineById - <==      Total: 1
09:20:24.078 [http-nio-8081-exec-1] DEBUG com.rzspider.project.monitor.online.mapper.UserOnlineMapper.selectOnlineById - ==>  Preparing: select * from sys_user_online where sessionid = ? 
09:20:24.078 [http-nio-8081-exec-1] DEBUG com.rzspider.project.monitor.online.mapper.UserOnlineMapper.selectOnlineById - ==> Parameters: e1852d20-b17a-45c3-b777-946527fe2d1b(String)
09:20:24.079 [http-nio-8081-exec-1] DEBUG com.rzspider.project.monitor.online.mapper.UserOnlineMapper.selectOnlineById - <==      Total: 1
09:20:24.080 [http-nio-8081-exec-1] DEBUG com.rzspider.project.monitor.online.mapper.UserOnlineMapper.selectOnlineById - ==>  Preparing: select * from sys_user_online where sessionid = ? 
09:20:24.081 [http-nio-8081-exec-1] DEBUG com.rzspider.project.monitor.online.mapper.UserOnlineMapper.selectOnlineById - ==> Parameters: e1852d20-b17a-45c3-b777-946527fe2d1b(String)
09:20:24.082 [http-nio-8081-exec-1] DEBUG com.rzspider.project.monitor.online.mapper.UserOnlineMapper.selectOnlineById - <==      Total: 1
09:20:24.086 [http-nio-8081-exec-1] DEBUG com.rzspider.project.monitor.online.mapper.UserOnlineMapper.selectOnlineById - ==>  Preparing: select * from sys_user_online where sessionid = ? 
09:20:24.086 [http-nio-8081-exec-1] DEBUG com.rzspider.project.monitor.online.mapper.UserOnlineMapper.selectOnlineById - ==> Parameters: e1852d20-b17a-45c3-b777-946527fe2d1b(String)
09:20:24.088 [http-nio-8081-exec-1] DEBUG com.rzspider.project.monitor.online.mapper.UserOnlineMapper.selectOnlineById - <==      Total: 1
09:20:24.089 [http-nio-8081-exec-1] DEBUG com.rzspider.project.monitor.online.mapper.UserOnlineMapper.selectOnlineById - ==>  Preparing: select * from sys_user_online where sessionid = ? 
09:20:24.089 [http-nio-8081-exec-1] DEBUG com.rzspider.project.monitor.online.mapper.UserOnlineMapper.selectOnlineById - ==> Parameters: e1852d20-b17a-45c3-b777-946527fe2d1b(String)
09:20:24.090 [http-nio-8081-exec-1] DEBUG com.rzspider.project.monitor.online.mapper.UserOnlineMapper.selectOnlineById - <==      Total: 1
09:20:24.091 [http-nio-8081-exec-1] DEBUG com.rzspider.project.monitor.online.mapper.UserOnlineMapper.selectOnlineById - ==>  Preparing: select * from sys_user_online where sessionid = ? 
09:20:24.091 [http-nio-8081-exec-1] DEBUG com.rzspider.project.monitor.online.mapper.UserOnlineMapper.selectOnlineById - ==> Parameters: e1852d20-b17a-45c3-b777-946527fe2d1b(String)
09:20:24.093 [http-nio-8081-exec-1] DEBUG com.rzspider.project.monitor.online.mapper.UserOnlineMapper.selectOnlineById - <==      Total: 1
09:20:24.094 [http-nio-8081-exec-1] DEBUG com.rzspider.project.monitor.online.mapper.UserOnlineMapper.selectOnlineById - ==>  Preparing: select * from sys_user_online where sessionid = ? 
09:20:24.095 [http-nio-8081-exec-1] DEBUG com.rzspider.project.monitor.online.mapper.UserOnlineMapper.selectOnlineById - ==> Parameters: e1852d20-b17a-45c3-b777-946527fe2d1b(String)
09:20:24.096 [http-nio-8081-exec-1] DEBUG com.rzspider.project.monitor.online.mapper.UserOnlineMapper.selectOnlineById - <==      Total: 1
09:20:24.120 [http-nio-8081-exec-1] DEBUG com.rzspider.project.system.menu.mapper.MenuMapper.selectMenusByUserId - ==>  Preparing: select distinct m.menu_id, m.parent_id, m.menu_name, m.url, m.perms , m.menu_type, m.icon, m.order_num, m.create_time from sys_menu m left join sys_role_menu rm on m.menu_id = rm.menu_id left join sys_user_role ur on rm.role_id = ur.role_id where ur.user_id = ? and m.menu_type in ('M', 'C') and m.visible = 0 order by m.order_num 
09:20:24.123 [http-nio-8081-exec-1] DEBUG com.rzspider.project.system.menu.mapper.MenuMapper.selectMenusByUserId - ==> Parameters: 101(Long)
09:20:24.138 [http-nio-8081-exec-1] DEBUG com.rzspider.project.system.menu.mapper.MenuMapper.selectMenusByUserId - <==      Total: 50
09:20:24.139 [http-nio-8081-exec-1] DEBUG com.rzspider.project.tool.baseset.mapper.BasesetMapper.selectBasesetByUseStatus - ==>  Preparing: select * from tool_baseset where use_status = ? 
09:20:24.141 [http-nio-8081-exec-1] DEBUG com.rzspider.project.tool.baseset.mapper.BasesetMapper.selectBasesetByUseStatus - ==> Parameters: 0(Integer)
09:20:24.147 [http-nio-8081-exec-1] DEBUG com.rzspider.project.tool.baseset.mapper.BasesetMapper.selectBasesetByUseStatus - <==      Total: 1
09:20:24.149 [http-nio-8081-exec-1] DEBUG com.rzspider.project.system.website.mapper.WebsiteMapper.selectWebsiteList - ==>  Preparing: select website_id, website_title_name,website_ico, website_des, website_domain_name, website_public_ip, website_public_port, website_copyright_information, website_mail_smtp_url, website_mail_smtp_port, website_mail_sender_mailbox, website_mail_sender_nickname, website_mail_sender_password, create_by, create_time, update_by, update_time, remark from sys_website 
09:20:24.150 [http-nio-8081-exec-1] DEBUG com.rzspider.project.system.website.mapper.WebsiteMapper.selectWebsiteList - ==> Parameters: 
09:20:24.156 [http-nio-8081-exec-1] DEBUG com.rzspider.project.system.website.mapper.WebsiteMapper.selectWebsiteList - <==      Total: 1
09:20:24.858 [http-nio-8081-exec-1] DEBUG com.rzspider.project.system.config.mapper.ConfigMapper.selectConfigByKey - ==>  Preparing: select config_id, config_name, config_key, config_value, config_type, create_by, create_time, update_by, update_time, remark from sys_config where config_key = ? 
09:20:24.860 [http-nio-8081-exec-1] DEBUG com.rzspider.project.system.config.mapper.ConfigMapper.selectConfigByKey - ==> Parameters: sys.index.skinName(String)
09:20:24.864 [http-nio-8081-exec-1] DEBUG com.rzspider.project.system.config.mapper.ConfigMapper.selectConfigByKey - <==      Total: 1
09:20:24.991 [http-nio-8081-exec-2] DEBUG com.rzspider.project.monitor.online.mapper.UserOnlineMapper.saveOnline - ==>  Preparing: replace into sys_user_online(sessionId, login_name, dept_name, ipaddr, browser, os, status, start_timestsamp, last_access_time, expire_time) values (?, ?, ?, ?, ?, ?, ?, ?, ?, ?) 
09:20:25.009 [http-nio-8081-exec-2] DEBUG com.rzspider.project.monitor.online.mapper.UserOnlineMapper.saveOnline - ==> Parameters: e1852d20-b17a-45c3-b777-946527fe2d1b(String), superadmin(String), 万邦船舶重工（舟山）有限公司(String), 0:0:0:0:0:0:0:1(String), Chrome 9(String), Windows 10(String), on_line(String), 2021-09-22 09:20:24.096(Timestamp), 2021-09-22 09:20:24.989(Timestamp), 1800000(Long)
09:20:25.014 [http-nio-8081-exec-2] DEBUG com.rzspider.project.monitor.online.mapper.UserOnlineMapper.saveOnline - <==    Updates: 2
09:20:25.016 [http-nio-8081-exec-2] DEBUG com.rzspider.project.tool.baseset.mapper.BasesetMapper.selectBasesetByUseStatus - ==>  Preparing: select * from tool_baseset where use_status = ? 
09:20:25.018 [http-nio-8081-exec-2] DEBUG com.rzspider.project.tool.baseset.mapper.BasesetMapper.selectBasesetByUseStatus - ==> Parameters: 0(Integer)
09:20:25.023 [http-nio-8081-exec-2] DEBUG com.rzspider.project.tool.baseset.mapper.BasesetMapper.selectBasesetByUseStatus - <==      Total: 1
09:20:25.028 [http-nio-8081-exec-2] DEBUG com.rzspider.project.system.website.mapper.WebsiteMapper.selectSomeWebsiteList - ==>  Preparing: select website_id, website_title_name, website_des, website_domain_name, website_public_ip, website_public_port, website_copyright_information, website_mail_smtp_url, website_mail_smtp_port, website_mail_sender_mailbox, website_mail_sender_nickname, website_mail_sender_password, create_by, create_time, update_by, update_time, remark from sys_website 
09:20:25.029 [http-nio-8081-exec-2] DEBUG com.rzspider.project.system.website.mapper.WebsiteMapper.selectSomeWebsiteList - ==> Parameters: 
09:20:25.032 [http-nio-8081-exec-2] DEBUG com.rzspider.project.system.website.mapper.WebsiteMapper.selectSomeWebsiteList - <==      Total: 1
09:20:25.049 [pool-1-thread-1] INFO  com.rzspider.framework.shiro.web.session.OnlineWebSessionManager - invalidation sessions...
09:20:25.059 [pool-1-thread-1] DEBUG c.rzspider.project.monitor.online.mapper.UserOnlineMapper.selectOnlineByExpired - ==>  Preparing: SELECT * FROM sys_user_online o WHERE o.last_access_time <= ? ORDER BY o.last_access_time ASC 
09:20:25.060 [pool-1-thread-1] DEBUG c.rzspider.project.monitor.online.mapper.UserOnlineMapper.selectOnlineByExpired - ==> Parameters: 2021-09-22 08:50:25(String)
09:20:25.061 [pool-1-thread-1] DEBUG c.rzspider.project.monitor.online.mapper.UserOnlineMapper.selectOnlineByExpired - <==      Total: 0
09:20:25.064 [pool-1-thread-1] INFO  com.rzspider.framework.shiro.web.session.OnlineWebSessionManager - Finished invalidation session. No sessions were stopped.
